################################################################################
#####   Generator -> Papierlogistikmeldung 
################################################################################
Started: 2024-08-28 09:49:27

###############################################
Arguments:
###############################################
 projektname                   : RANOREX
 TESTFALLNAME                  : PLM_installieren_statikSerienNr
 mainpath                      : C:\_Daten\HGS_Meldungen\MELDUNGEN
 MELDUNGSNAME                  : Papierlogistikmeldung
 testfallname                  : PLM_installieren_statikSerienNr
 meldungsname                  : Papierlogistikmeldung
 PROJEKTNAME                   : RANOREX
 MAINPATH                      : C:\_Daten\HGS_Meldungen\MELDUNGEN
###############################################


###############################################
Eingangsdaten:
###############################################

Testdaten:papierbahn = PRN_PB_2
Testdaten:status = Installation
Testdaten:papiersorte = 0
Testdaten:barcode = 
Testdaten:seriennummerPapier = 108155
Testdaten:verbleibendeabschnitte = 1601
Testdaten:aktuellerabschnitt = 1601
------------------------------------------
Papierlogistikmeldung:abschnittsnummerPapier = 0001601
Papierlogistikmeldung:ausgabemediumTyp = SORT_1
Papierlogistikmeldung:charge = 
Papierlogistikmeldung:druckerKennung = DEV_PRN_3
Papierlogistikmeldung:einbauposition = 0
Papierlogistikmeldung:medienkennung = 
Papierlogistikmeldung:papierkanalDrucker = -1
Papierlogistikmeldung:papierkanalKennung = PRN_PB_2
Papierlogistikmeldung:papierlogistiker = 0
Papierlogistikmeldung:seriennummerDrucker = 30057500E020340
Papierlogistikmeldung:seriennummerPapier = 108155
Papierlogistikmeldung:sstVersion = 3.10
Papierlogistikmeldung:vorgangsnummer = 0
Papierlogistikmeldung:vorgangstyp = INSTALLATION
Papierlogistikmeldung:zeitpunkt = 
Papierlogistikmeldung:abrechnungsnummer = 
------------------------------------------
papiersorte_1:abschnitteGesamt = 5560
papiersorte_1:materialcode = 0
papiersorte_1:nummernfolge = ABSTEIGEND
------------------------------------------
GLOBAL:PROJEKTNAME = RANOREX
GLOBAL:DATABASE = C:\_Daten\HGS_Meldungen\MELDUNGEN/CONFIG\RANOREX\database.ini
GLOBAL:AUTOMAT = 999000
GLOBAL:URLHGS = https://uestra.dev.ti-ica.de/dplus/services/automatenService/3_10/?wsdl
GLOBAL:VERSION = 3.10
GLOBAL:TRANSFERFILE = C:\_Daten\HGS_Meldungen\MELDUNGEN/CONFIG/TRANSFER/transfer_RANOREX.ini
------------------------------------------

###############################################

###############################################
Message:
###############################################
<s:Envelope xmlns:s="http://schemas.xmlsoap.org/soap/envelope/">
    <s:Body xmlns:xsd="http://www.w3.org/2001/XMLSchema" xmlns:xsi="http://www.w3.org/2001/XMLSchema-instance">
        <empfangePapierlogistikmeldung xmlns="http://tms.ica.de/automatenService/wsdl/3_10/">
            <faaPapierlogistikmeldung xmlns="http://tms.ica.de/automatenService/3_10/" zeitpunkt="2024-08-28T09:49:27.799+02:00" vorgangstyp="INSTALLATION" papierlogistiker="0" vorgangsnummer="0" charge="" seriennummerPapier="108155" abschnittsnummerPapier="1601" seriennummerDrucker="30057500E020340" einbauposition="0" papierkanalDrucker="-1" abrechnungsnummer="10500" ausgabemediumTyp="SORT_1" medienkennung="01081551601" druckerKennung="DEV_PRN_3" papierkanalKennung="PRN_PB_2" sstVersion="3.10">
                <verkaufspunkt posNummer="999000" betreiber="99" seriennummer="999000" ipAdresse="0.0.0.0"/>
                <metadaten sequenznummer="10079" guid="b59cdb48-dc0b-40b7-bc7f-d38d8cb9a0f3"/>
                <papiersorte materialcode="0" abschnitteGesamt="5560" nummernfolge="ABSTEIGEND"/>
            </faaPapierlogistikmeldung>
        </empfangePapierlogistikmeldung>
    </s:Body>
</s:Envelope>


###############################################
###############################################
Result:
###############################################
OK

###############################################
################################################################################

Finished: 2024-08-28 09:49:29

