################################################################################
#####   Generator -> InventarmeldungBaugruppe 
################################################################################
Started: 2024-08-27 08:35:22

###############################################
Arguments:
###############################################
 projektname                   : RANOREX
 TESTFALLNAME                  : InventarmeldungBaugruppe_BEK
 mainpath                      : C:\_Daten\HGS_Meldungen\MELDUNGEN
 MELDUNGSNAME                  : InventarmeldungBaugruppe
 testfallname                  : InventarmeldungBaugruppe_BEK
 meldungsname                  : InventarmeldungBaugruppe
 PROJEKTNAME                   : RANOREX
 MAINPATH                      : C:\_Daten\HGS_Meldungen\MELDUNGEN
###############################################


###############################################
Eingangsdaten:
###############################################

Testdata:baugruppenhersteller = Toyocom
Testdata:status = Installiert
Testdata:baugruppenkategorie = Banknotenverarbeitung
Testdata:baugruppentyp = BZK
------------------------------------------
InventarmeldungBaugruppe:abrechnungsnummer = 
InventarmeldungBaugruppe:betriebsstatus = IN_BETRIEB
InventarmeldungBaugruppe:einbauposition = 0
InventarmeldungBaugruppe:gueltigkeit = 1970-01-01T01:00:00+01:00
InventarmeldungBaugruppe:herstellerBezeichnung = Toyocom
InventarmeldungBaugruppe:servicetechniker = 0
InventarmeldungBaugruppe:sstVersion = 3.10
InventarmeldungBaugruppe:version = 
InventarmeldungBaugruppe:vorgangsnummer = 0
InventarmeldungBaugruppe:vorgangstyp = INSTALLATION
InventarmeldungBaugruppe:zeitpunkt = 
InventarmeldungBaugruppe:seriennummer = 
------------------------------------------
baugruppentyp_1:baugruppenkategorie = BNV
baugruppentyp_1:beschreibung = BZK
baugruppentyp_1:bezeichnung = BZK
baugruppentyp_1:geldspeichertyp = BEK
------------------------------------------
GLOBAL:PROJEKTNAME = RANOREX
GLOBAL:DATABASE = C:\_Daten\HGS_Meldungen\MELDUNGEN/CONFIG\RANOREX\database.ini
GLOBAL:AUTOMAT = 999000
GLOBAL:URLHGS = https://uestra.dev.ti-ica.de/dplus/services/automatenService/3_10/?wsdl
GLOBAL:VERSION = 3.10
GLOBAL:TRANSFERFILE = C:\_Daten\HGS_Meldungen\MELDUNGEN/CONFIG/TRANSFER/transfer_RANOREX.ini
------------------------------------------

###############################################

###############################################
Message:
###############################################
<s:Envelope xmlns:s="http://schemas.xmlsoap.org/soap/envelope/">
    <s:Body xmlns:xsd="http://www.w3.org/2001/XMLSchema" xmlns:xsi="http://www.w3.org/2001/XMLSchema-instance">
        <empfangeInventarmeldungBaugruppe xmlns="http://tms.ica.de/automatenService/wsdl/3_10/">
            <faaInventarmeldungBaugruppe xmlns="http://tms.ica.de/automatenService/3_10/" zeitpunkt="2024-08-27T08:35:23.013+02:00" vorgangstyp="INSTALLATION" servicetechniker="0" vorgangsnummer="0" einbauposition="0" seriennummer="" herstellerBezeichnung="Toyocom" betriebsstatus="IN_BETRIEB" gueltigkeit="1970-01-01T01:00:00.000+01:00" abrechnungsnummer="10500" version="" sstVersion="3.10">
                <verkaufspunkt posNummer="999000" betreiber="99" seriennummer="999000" ipAdresse="0.0.0.0"/>
                <metadaten sequenznummer="10074" guid="1255a9fb-a767-4db2-8b6c-f0faa21dd266"/>
                <baugruppentyp baugruppenkategorie="BNV" beschreibung="BZK" bezeichnung="BZK" geldspeichertyp="BEK"/>
            </faaInventarmeldungBaugruppe>
        </empfangeInventarmeldungBaugruppe>
    </s:Body>
</s:Envelope>


###############################################
###############################################
Result:
###############################################
OK

###############################################
################################################################################

Finished: 2024-08-27 08:35:24

