################################################################################
#####   Generator -> Aktualisierungmeldung 
################################################################################
Started: 2024-08-06 10:32:03

###############################################
Arguments:
###############################################
 projektname                   : TEST
 TESTFALLNAME                  : Installation
 mainpath                      : C:\_Daten\Projekte\MELDUNGEN\
 MELDUNGSNAME                  : Aktualisierungmeldung
 testfallname                  : Installation
 meldungsname                  : Aktualisierungmeldung
 PROJEKTNAME                   : TEST
 MAINPATH                      : C:\_Daten\Projekte\MELDUNGEN\
###############################################


###############################################
Eingangsdaten:
###############################################

Aktualisierungmeldung:aktualisierungstyp = INSTALLATION
Aktualisierungmeldung:datei = H2400125.DLC
Aktualisierungmeldung:installationszeitpunkt = 
Aktualisierungmeldung:kategorie = SOFTWARE
Aktualisierungmeldung:sstVersion = 3.10
Aktualisierungmeldung:status = 0
Aktualisierungmeldung:version = 
Aktualisierungmeldung:zeitpunkt = 2024-08-06T10:20:20
------------------------------------------
GLOBAL:PROJEKTNAME = TEST
GLOBAL:DATABASE = C:\_Daten\Projekte\MELDUNGEN\/CONFIG\TEST\database.ini
GLOBAL:AUTOMAT = 9091
GLOBAL:URLHGS = https://uestra.dev.ti-ica.de/dplus/services/automatenService/3_10/?wsdl
GLOBAL:VERSION = 3.10
------------------------------------------

###############################################

###############################################
Message:
###############################################
<s:Envelope xmlns:s="http://schemas.xmlsoap.org/soap/envelope/">
    <s:Body xmlns:xsd="http://www.w3.org/2001/XMLSchema" xmlns:xsi="http://www.w3.org/2001/XMLSchema-instance">
        <empfangeAktualisierungmeldung xmlns="http://tms.ica.de/automatenService/wsdl/3_10/">
            <faaAktualisierungmeldung xmlns="http://tms.ica.de/automatenService/3_10/" zeitpunkt="2024-08-06T10:20:20.000+02:00" aktualisierungstyp="INSTALLATION" datei="H2400125.DLC" kategorie="SOFTWARE" status="0" sstVersion="3.10">
                <verkaufspunkt posNummer="9091" betreiber="99" seriennummer="9091" ipAdresse="0.0.0.0"/>
                <metadaten sequenznummer="90222" guid="37237f05-bd54-4ab4-b4d1-16ed6eb8c3fe"/>
                <automatenStatus/>
            </faaAktualisierungmeldung>
        </empfangeAktualisierungmeldung>
    </s:Body>
</s:Envelope>


###############################################
###############################################
Result:
###############################################
OK

###############################################
################################################################################

Finished: 2024-08-06 10:32:05

