################################################################################
#####   Generator -> Aktualisierungmeldung 
################################################################################
Started: 2024-08-13 08:39:25

###############################################
Arguments:
###############################################
 projektname                   : RANOREX
 TESTFALLNAME                  : in_BetriebTrans
 mainpath                      : C:\_Daten\HGS_Meldungen\MELDUNGEN
 MELDUNGSNAME                  : Aktualisierungmeldung
 testfallname                  : in_BetriebTrans
 meldungsname                  : Aktualisierungmeldung
 PROJEKTNAME                   : RANOREX
 MAINPATH                      : C:\_Daten\HGS_Meldungen\MELDUNGEN
###############################################


###############################################
Eingangsdaten:
###############################################

AktualisierungMeldung:versionKey = -1
AktualisierungMeldung:aktualisierungstyp = STATUS
AktualisierungMeldung:status = 2
AktualisierungMeldung:AktualisierungMeldung.sstVersion = 3.10
AktualisierungMeldung:AktualisierungMeldung.zeitpunkt = 
------------------------------------------
automatenStatus_1:betriebStatus = IN_BETRIEB
automatenStatus_1:letzteInteraktion = 
automatenStatus_1:letzterVerkauf = 
------------------------------------------
GLOBAL:PROJEKTNAME = RANOREX
GLOBAL:DATABASE = C:\_Daten\HGS_Meldungen\MELDUNGEN/CONFIG\RANOREX\database.ini
GLOBAL:AUTOMAT = 999000
GLOBAL:URLHGS = https://uestra.dev.ti-ica.de/dplus/services/automatenService/3_10/?wsdl
GLOBAL:VERSION = 3.10
GLOBAL:TRANSFERFILE = C:\_Daten\HGS_Meldungen\MELDUNGEN/CONFIG/TRANSFER/transfer_RANOREX.ini
------------------------------------------

###############################################

