################################################################################
#####   Generator -> Aktualisierungmeldung 
################################################################################
Started: 2024-08-07 09:28:54

###############################################
Arguments:
###############################################
 projektname                   : TEST
 TESTFALLNAME                  : in_Betrieb2
 mainpath                      : C:\_Daten\Projekte\MELDUNGEN\
 MELDUNGSNAME                  : Aktualisierungmeldung
 testfallname                  : in_Betrieb2
 meldungsname                  : Aktualisierungmeldung
 PROJEKTNAME                   : TEST
 MAINPATH                      : C:\_Daten\Projekte\MELDUNGEN\
###############################################


###############################################
Eingangsdaten:
###############################################

AktualisierungMeldung:sstVersion = 3.10
AktualisierungMeldung:versionKey = -1
AktualisierungMeldung:zeitpunkt = ${__datetime(,,"+1h")}
AktualisierungMeldung:aktualisierungstyp = STATUS
AktualisierungMeldung:status = 2
------------------------------------------
automatenStatus_1:betriebStatus = IN_BETRIEB
automatenStatus_1:letzteInteraktion = ${__datetime(,,"-1d+20h)}
automatenStatus_1:letzterVerkauf = ${__datetime(,,"-2d")}
------------------------------------------
GLOBAL:PROJEKTNAME = TEST
GLOBAL:DATABASE = C:\_Daten\Projekte\MELDUNGEN\/CONFIG\TEST\database.ini
GLOBAL:AUTOMAT = 9091
GLOBAL:URLHGS = https://uestra.dev.ti-ica.de/dplus/services/automatenService/3_10/?wsdl
GLOBAL:VERSION = 3.10
GLOBAL:TRANSFERFILE = C:\_Daten\Projekte\MELDUNGEN\/CONFIG/TRANSFER/transfer_TEST.ini
------------------------------------------

###############################################

###############################################
Message:
###############################################
<s:Envelope xmlns:s="http://schemas.xmlsoap.org/soap/envelope/">
    <s:Body xmlns:xsd="http://www.w3.org/2001/XMLSchema" xmlns:xsi="http://www.w3.org/2001/XMLSchema-instance">
        <empfangeAktualisierungmeldung xmlns="http://tms.ica.de/automatenService/wsdl/3_10/">
            <faaAktualisierungmeldung xmlns="http://tms.ica.de/automatenService/3_10/" zeitpunkt="2024-08-07T10:28:54.837+02:00" aktualisierungstyp="STATUS" status="2" sstVersion="3.10">
                <verkaufspunkt posNummer="9091" betreiber="99" seriennummer="9091" ipAdresse="0.0.0.0"/>
                <metadaten sequenznummer="90348" guid="431d86ee-5ca1-4991-9b5e-5fbfbb46f13a"/>
                <automatenStatus betriebStatus="IN_BETRIEB" letzteInteraktion="2024-08-07T05:28:54.853+02:00" letzterVerkauf="2024-08-05T09:28:54.853+02:00"/>
            </faaAktualisierungmeldung>
        </empfangeAktualisierungmeldung>
    </s:Body>
</s:Envelope>


###############################################
###############################################
Result:
###############################################
OK

###############################################
################################################################################

Finished: 2024-08-07 09:28:56

