################################################################################
#####   Generator -> InventarmeldungBaugruppe 
################################################################################
Started: 2024-08-05 11:28:50

###############################################
Arguments:
###############################################
 projektname                   : TEST
 TESTFALLNAME                  : Meldung_20240805_112346
 mainpath                      : C:\_Daten\Projekte\MELDUNGEN
 MELDUNGSNAME                  : InventarmeldungBaugruppe
 testfallname                  : Meldung_20240805_112346
 meldungsname                  : InventarmeldungBaugruppe
 PROJEKTNAME                   : TEST
 MAINPATH                      : C:\_Daten\Projekte\MELDUNGEN
###############################################


###############################################
Eingangsdaten:
###############################################

InventarmeldungBaugruppe:abrechnungsnummer = 1974
InventarmeldungBaugruppe:betriebsstatus = IN_BETRIEB
InventarmeldungBaugruppe:einbauposition = 0
InventarmeldungBaugruppe:gueltigkeit = 1970-01-01T01:00:00+01:00
InventarmeldungBaugruppe:herstellerBezeichnung = Hopper MK IV
InventarmeldungBaugruppe:seriennummer = 90000553
InventarmeldungBaugruppe:servicetechniker = 0
InventarmeldungBaugruppe:sstVersion = 3.10
InventarmeldungBaugruppe:version = 
InventarmeldungBaugruppe:vorgangsnummer = 0
InventarmeldungBaugruppe:vorgangstyp = INSTALLATION
InventarmeldungBaugruppe:zeitpunkt = 2024-08-02T02:36:05+02:00
------------------------------------------
baugruppentyp_1:baugruppenkategorie = MUV
baugruppentyp_1:beschreibung = ZGS 1?
baugruppentyp_1:bezeichnung = ZGS 1?
baugruppentyp_1:geldspeichertyp = ZGS
------------------------------------------
GLOBAL:PROJEKTNAME = TEST
GLOBAL:DATABASE = C:\_Daten\Projekte\MELDUNGEN/CONFIG\TEST\database.ini
GLOBAL:AUTOMAT = 9091
GLOBAL:URLHGS = https://uestra.dev.ti-ica.de/dplus/services/automatenService/3_10/?wsdl
GLOBAL:VERSION = 3.10
------------------------------------------

###############################################

###############################################
Message:
###############################################
<s:Envelope xmlns:s="http://schemas.xmlsoap.org/soap/envelope/">
    <s:Body xmlns:xsd="http://www.w3.org/2001/XMLSchema" xmlns:xsi="http://www.w3.org/2001/XMLSchema-instance">
        <empfangeInventarmeldungBaugruppe xmlns="http://tms.ica.de/automatenService/wsdl/3_10/">
            <faaInventarmeldungBaugruppe xmlns="http://tms.ica.de/automatenService/3_10/" zeitpunkt="2024-08-02T02:36:05.000+02:00" vorgangstyp="INSTALLATION" servicetechniker="0" vorgangsnummer="0" einbauposition="0" seriennummer="90000553" herstellerBezeichnung="Hopper MK IV" betriebsstatus="IN_BETRIEB" gueltigkeit="1970-01-01T01:00:00.000+01:00" abrechnungsnummer="1974" version="" sstVersion="3.10">
                <verkaufspunkt posNummer="9091" betreiber="99" seriennummer="9091" ipAdresse="0.0.0.0"/>
                <metadaten sequenznummer="90220" guid="592cb4ea-c635-4de7-90c4-5195a7ed660e"/>
                <baugruppentyp baugruppenkategorie="MUV" beschreibung="ZGS 1?" bezeichnung="ZGS 1?" geldspeichertyp="ZGS"/>
            </faaInventarmeldungBaugruppe>
        </empfangeInventarmeldungBaugruppe>
    </s:Body>
</s:Envelope>


###############################################
###############################################
Result:
###############################################
OK

###############################################
################################################################################

Finished: 2024-08-05 11:28:52

