################################################################################
#####   Generator -> Schichtreport 
################################################################################
Started: 2024-09-03 15:43:54

###############################################
Arguments:
###############################################
 projektname                   : RANOREX
 TESTFALLNAME                  : Schicht_v3q2
 mainpath                      : C:\_Daten\HGS_Meldungen\MELDUNGEN
 MELDUNGSNAME                  : Schichtreport
 testfallname                  : Schicht_v3q2
 meldungsname                  : Schichtreport
 PROJEKTNAME                   : RANOREX
 MAINPATH                      : C:\_Daten\HGS_Meldungen\MELDUNGEN
###############################################


###############################################
Eingangsdaten:
###############################################

Testdaten:stoerBetrag = 2,40
Testdaten:prodPreis = 2,60
Testdaten:umsatzGesamt = 5,00
Testdaten:anzahlquittungen = 2
Testdaten:summeVerkaeufe = 2,60
Testdaten:verkaufsZeitraum = Dieser Monat
Testdaten:abrechnungsnummer = 
------------------------------------------
Schichtreport:sstVersion = 3.10
Schichtreport:versionKey = -1
Schichtreport:verkaeufer = automat
Schichtreport:servicetechniker = 0
Schichtreport:abrechnungsnummer = #NEU#
------------------------------------------
verkaeufe_1:anzahlPerson = 1
verkaeufe_1:beginnGueltigkeit = 2024-09-03T11:44:33+02:00
verkaeufe_1:endeGueltigkeit = 2024-09-04T11:45:04+02:00
verkaeufe_1:fahrzeugKennung = 
verkaeufe_1:gattung = 16961
verkaeufe_1:kundengruppe = 0
verkaeufe_1:linie = 0
verkaeufe_1:linieVariante = 0
verkaeufe_1:medium = PAPIER
verkaeufe_1:mediumID = 0
verkaeufe_1:mwstSatz = 0
verkaeufe_1:preisstufe = 100003
verkaeufe_1:relationsnummer = 
verkaeufe_1:richtung = 1
verkaeufe_1:sprache = 0
verkaeufe_1:startGemeinde = 0
verkaeufe_1:startHaltestelle = 25701731
verkaeufe_1:startZone = 4000000110
verkaeufe_1:status = 0
verkaeufe_1:subvention = 0
verkaeufe_1:tarif = 3
verkaeufe_1:tarifBezeichnung = - - -|Tarif_3
verkaeufe_1:tarifstufe = 
verkaeufe_1:ticketNummer = 16
verkaeufe_1:verkaufHaltestelle = 25701731
verkaeufe_1:verkaufZone = 4000000110
verkaeufe_1:verkaufsart = PT_VERKAUF
verkaeufe_1:verkehr = 1
verkaeufe_1:viaZone = 0
verkaeufe_1:wegVariante = 0
verkaeufe_1:zeitpunkt = 2024-09-03T11:45:04+02:00
verkaeufe_1:zielGemeinde = 0
verkaeufe_1:zielHaltestelle = 0
verkaeufe_1:zielZone = 0
verkaeufe_1:zusatzInformationen = 
verkaeufe_1:pfand = 0#EUR
verkaeufe_1:transaktionsnummer = 18
verkaeufe_1:preisstufenText = C
verkaeufe_1:produktkennung = IDP_GVH_1
verkaeufe_1:produktkennungExtern = 
verkaeufe_1:artikelnummer = 9292
verkaeufe_1:produktbezeichnung = Einzelkarte
verkaeufe_1:preis = 340#EUR
------------------------------------------
verkaeufe_2:anzahlPerson = 1
verkaeufe_2:beginnGueltigkeit = 2024-09-03T11:44:36+02:00
verkaeufe_2:endeGueltigkeit = 2024-09-04T11:45:04+02:00
verkaeufe_2:fahrzeugKennung = 
verkaeufe_2:gattung = 16962
verkaeufe_2:kundengruppe = 0
verkaeufe_2:linie = 0
verkaeufe_2:linieVariante = 0
verkaeufe_2:medium = PAPIER
verkaeufe_2:mediumID = 0
verkaeufe_2:mwstSatz = 0
verkaeufe_2:preisstufe = 100013
verkaeufe_2:relationsnummer = 
verkaeufe_2:richtung = 1
verkaeufe_2:sprache = 0
verkaeufe_2:startGemeinde = 0
verkaeufe_2:startHaltestelle = 25701731
verkaeufe_2:startZone = 4000000110
verkaeufe_2:status = 0
verkaeufe_2:subvention = 0
verkaeufe_2:tarif = 3
verkaeufe_2:tarifBezeichnung = - - -|Tarif_3
verkaeufe_2:tarifstufe = 
verkaeufe_2:ticketNummer = 17
verkaeufe_2:verkaufHaltestelle = 25701731
verkaeufe_2:verkaufZone = 4000000110
verkaeufe_2:verkaufsart = PT_VERKAUF
verkaeufe_2:verkehr = 1
verkaeufe_2:viaZone = 0
verkaeufe_2:wegVariante = 0
verkaeufe_2:zeitpunkt = 2024-09-03T11:45:04+02:00
verkaeufe_2:zielGemeinde = 0
verkaeufe_2:zielHaltestelle = 0
verkaeufe_2:zielZone = 0
verkaeufe_2:zusatzInformationen = 
verkaeufe_2:pfand = 0#EUR
verkaeufe_2:transaktionsnummer = 18
verkaeufe_2:preisstufenText = ABC
verkaeufe_2:produktkennung = IDP_GVH_2
verkaeufe_2:produktkennungExtern = ABC
verkaeufe_2:artikelnummer = 9297
verkaeufe_2:produktbezeichnung = Einzelkarte Kind
verkaeufe_2:preis = 130#EUR
------------------------------------------
verkaeufe_3:anzahlPerson = 1
verkaeufe_3:beginnGueltigkeit = 2024-09-03T11:45:23+02:00
verkaeufe_3:endeGueltigkeit = 2024-09-04T11:45:39+02:00
verkaeufe_3:fahrzeugKennung = 
verkaeufe_3:gattung = 16977
verkaeufe_3:kundengruppe = 0
verkaeufe_3:linie = 0
verkaeufe_3:linieVariante = 0
verkaeufe_3:medium = PAPIER
verkaeufe_3:mediumID = 0
verkaeufe_3:mwstSatz = 0
verkaeufe_3:preisstufe = 100009
verkaeufe_3:produktkennungExtern = 
verkaeufe_3:relationsnummer = 
verkaeufe_3:richtung = 1
verkaeufe_3:sprache = 0
verkaeufe_3:startGemeinde = 0
verkaeufe_3:startHaltestelle = 25701731
verkaeufe_3:startZone = 4000000110
verkaeufe_3:status = 0
verkaeufe_3:subvention = 0
verkaeufe_3:tarif = 3
verkaeufe_3:tarifBezeichnung = - - -|Tarif_3
verkaeufe_3:tarifstufe = 
verkaeufe_3:ticketNummer = 18
verkaeufe_3:verkaufHaltestelle = 25701731
verkaeufe_3:verkaufZone = 4000000110
verkaeufe_3:verkaufsart = PT_VERKAUF
verkaeufe_3:verkehr = 1
verkaeufe_3:viaZone = 0
verkaeufe_3:wegVariante = 0
verkaeufe_3:zeitpunkt = 2024-09-03T11:45:39+02:00
verkaeufe_3:zielGemeinde = 0
verkaeufe_3:zielHaltestelle = 0
verkaeufe_3:zielZone = 0
verkaeufe_3:zusatzInformationen = 
verkaeufe_3:pfand = 0#EUR
verkaeufe_3:transaktionsnummer = 19
verkaeufe_3:preisstufenText = K
verkaeufe_3:produktkennung = IDP_GVH_17
verkaeufe_3:artikelnummer = 11266
verkaeufe_3:produktbezeichnung = Kurzstreckenkarte
verkaeufe_3:preis = 180#EUR
------------------------------------------
quittungen_1:geldkarteHseq = 
quittungen_1:geldkarteSseq = 
quittungen_1:geldkartenBseq = 
quittungen_1:geldkartenNr = 
quittungen_1:gueltigkeitKreditkarte = 6D1811EF
quittungen_1:haendlerkartennr = 
quittungen_1:kartennummerKreditkarte = 
quittungen_1:kartennummergirocard = ######3051
quittungen_1:muenzenNotenEingegeben = 
quittungen_1:muenzenNotenZurueckgegeben = 
quittungen_1:statusStorno = 0
quittungen_1:statusTransaktion = 0
quittungen_1:terminalIdGiroCard = 75011402
quittungen_1:terminalIdKreditkarte = 75011402
quittungen_1:zahlungsart = 2
quittungen_1:zeitpunkt = 2024-09-03T11:45:04+02:00
quittungen_1:anzahltransaktionen = 2
quittungen_1:transaktionsnummer = 18
quittungen_1:preisTotal = 470#EUR
quittungen_1:einzahlungsbetrag = 470#EUR
quittungen_1:transaktionsnummerGiroCard = 3372
quittungen_1:ueberzahlungsbetrag = 0#EUR
quittungen_1:rueckerstattungsbetragIst = 0#EUR
quittungen_1:stoerbetrag = 0#EUR
quittungen_1:rueckerstattungsbetragSoll = 0#EUR
quittungen_1:pfandTotal = 0#EUR
quittungen_1:transaktionsnummerKreditkarte = 0
------------------------------------------
quittungen_2:geldkarteHseq = 
quittungen_2:geldkarteSseq = 
quittungen_2:geldkartenBseq = 
quittungen_2:geldkartenNr = 
quittungen_2:gueltigkeitKreditkarte = 6D1811EF
quittungen_2:haendlerkartennr = 
quittungen_2:kartennummerKreditkarte = 
quittungen_2:kartennummergirocard = ######3051
quittungen_2:muenzenNotenEingegeben = 
quittungen_2:muenzenNotenZurueckgegeben = 
quittungen_2:statusStorno = 0
quittungen_2:statusTransaktion = 0
quittungen_2:terminalIdGiroCard = 75011402
quittungen_2:terminalIdKreditkarte = 75011402
quittungen_2:zahlungsart = 2
quittungen_2:zeitpunkt = 2024-09-03T11:45:39+02:00
quittungen_2:anzahltransaktionen = 1
quittungen_2:transaktionsnummer = 19
quittungen_2:preisTotal = 180#EUR
quittungen_2:einzahlungsbetrag = 180#EUR
quittungen_2:transaktionsnummerGiroCard = 3374
quittungen_2:ueberzahlungsbetrag = 0#EUR
quittungen_2:rueckerstattungsbetragIst = 0#EUR
quittungen_2:stoerbetrag = 0#EUR
quittungen_2:rueckerstattungsbetragSoll = 0#EUR
quittungen_2:pfandTotal = 0#EUR
quittungen_2:transaktionsnummerKreditkarte = 0
------------------------------------------
produktausgaben_1:abschnittsnummerPapier = 0005305
produktausgaben_1:abschnittsnummerPapierStart = 0005305
produktausgaben_1:alarm = 0
produktausgaben_1:ausgabeBaugruppe = DEV_PRN_1
produktausgaben_1:ausgabeMediumTyp = PAPIER
produktausgaben_1:ausgabeVorratsbehaelter = PRN_PB_1
produktausgaben_1:ausgabemedium = SORT_1
produktausgaben_1:ausgabestatus = 0
produktausgaben_1:charge = 
produktausgaben_1:einbaupositionBaugruppe = 1
produktausgaben_1:materialcode = 0
produktausgaben_1:medienkennung = 00188360005305
produktausgaben_1:medienkennungStart = 00188360005305
produktausgaben_1:seriennummerPapier = 018836
produktausgaben_1:ticketNummer = 16
produktausgaben_1:transaktionsnummer = 18
produktausgaben_1:verwendung = 1
produktausgaben_1:zeitpunkt = 2024-09-03T11:44:57+02:00
------------------------------------------
produktausgaben_2:abschnittsnummerPapier = 0005304
produktausgaben_2:abschnittsnummerPapierStart = 0005304
produktausgaben_2:alarm = 0
produktausgaben_2:ausgabeBaugruppe = DEV_PRN_1
produktausgaben_2:ausgabeMediumTyp = PAPIER
produktausgaben_2:ausgabeVorratsbehaelter = PRN_PB_1
produktausgaben_2:ausgabemedium = SORT_1
produktausgaben_2:ausgabestatus = 0
produktausgaben_2:charge = 
produktausgaben_2:einbaupositionBaugruppe = 1
produktausgaben_2:materialcode = 0
produktausgaben_2:medienkennung = 00188360005304
produktausgaben_2:medienkennungStart = 00188360005304
produktausgaben_2:seriennummerPapier = 018836
produktausgaben_2:ticketNummer = 17
produktausgaben_2:transaktionsnummer = 18
produktausgaben_2:verwendung = 1
produktausgaben_2:zeitpunkt = 2024-09-03T11:45:01+02:00
------------------------------------------
produktausgaben_3:abschnittsnummerPapier = 0005303
produktausgaben_3:abschnittsnummerPapierStart = 0005303
produktausgaben_3:alarm = 0
produktausgaben_3:ausgabeBaugruppe = DEV_PRN_1
produktausgaben_3:ausgabeMediumTyp = PAPIER
produktausgaben_3:ausgabeVorratsbehaelter = PRN_PB_1
produktausgaben_3:ausgabemedium = SORT_1
produktausgaben_3:ausgabestatus = 0
produktausgaben_3:charge = 
produktausgaben_3:einbaupositionBaugruppe = 1
produktausgaben_3:materialcode = 0
produktausgaben_3:medienkennung = 00188360005303
produktausgaben_3:medienkennungStart = 00188360005303
produktausgaben_3:seriennummerPapier = 018836
produktausgaben_3:ticketNummer = 18
produktausgaben_3:transaktionsnummer = 19
produktausgaben_3:verwendung = 1
produktausgaben_3:zeitpunkt = 2024-09-03T11:45:36+02:00
------------------------------------------
geldlogistik_1:abrechnung = 1
geldlogistik_1:einschubNr = 1
geldlogistik_1:geldlogistiker = 0
geldlogistik_1:geldspeicherId = 47211168
geldlogistik_1:geldspeichertyp = WGR
geldlogistik_1:vorgangstyp = INFORMATION
geldlogistik_1:zeitpunkt = 2024-09-03T11:47:52+02:00
geldlogistik_1:geldbetrag = 0#EUR
------------------------------------------
geldlogistik_1.bestandSorte_1:anzahl = 0
geldlogistik_1.bestandSorte_1:nennwert = EUR#20
------------------------------------------
geldlogistik_2:abrechnung = 1
geldlogistik_2:einschubNr = 2
geldlogistik_2:geldlogistiker = 0
geldlogistik_2:geldspeicherId = 44211138
geldlogistik_2:geldspeichertyp = WGR
geldlogistik_2:vorgangstyp = INFORMATION
geldlogistik_2:zeitpunkt = 2024-09-03T11:47:52+02:00
geldlogistik_2:geldbetrag = 0#EUR
------------------------------------------
geldlogistik_2.bestandSorte_1:anzahl = 0
geldlogistik_2.bestandSorte_1:nennwert = EUR#5
------------------------------------------
geldlogistik_3:abrechnung = 1
geldlogistik_3:einschubNr = 3
geldlogistik_3:geldlogistiker = 0
geldlogistik_3:geldspeicherId = 42211167
geldlogistik_3:geldspeichertyp = WGR
geldlogistik_3:vorgangstyp = INFORMATION
geldlogistik_3:zeitpunkt = 2024-09-03T11:47:53+02:00
geldlogistik_3:geldbetrag = 0#EUR
------------------------------------------
geldlogistik_3.bestandSorte_1:anzahl = 0
geldlogistik_3.bestandSorte_1:nennwert = EUR#50
------------------------------------------
geldlogistik_4:abrechnung = 1
geldlogistik_4:einschubNr = 4
geldlogistik_4:geldlogistiker = 0
geldlogistik_4:geldspeicherId = 43211148
geldlogistik_4:geldspeichertyp = WGR
geldlogistik_4:vorgangstyp = INFORMATION
geldlogistik_4:zeitpunkt = 2024-09-03T11:47:53+02:00
geldlogistik_4:geldbetrag = 0#EUR
------------------------------------------
geldlogistik_4.bestandSorte_1:anzahl = 0
geldlogistik_4.bestandSorte_1:nennwert = EUR#10
------------------------------------------
geldlogistik_5:abrechnung = 1
geldlogistik_5:einschubNr = 5
geldlogistik_5:geldlogistiker = 0
geldlogistik_5:geldspeicherId = 40211179
geldlogistik_5:geldspeichertyp = WGR
geldlogistik_5:vorgangstyp = INFORMATION
geldlogistik_5:zeitpunkt = 2024-09-03T11:47:54+02:00
geldlogistik_5:geldbetrag = 0#EUR
------------------------------------------
geldlogistik_5.bestandSorte_1:anzahl = 0
geldlogistik_5.bestandSorte_1:nennwert = EUR#200
------------------------------------------
geldlogistik_6:abrechnung = 1
geldlogistik_6:einschubNr = 6
geldlogistik_6:geldlogistiker = 0
geldlogistik_6:geldspeicherId = 41211176
geldlogistik_6:geldspeichertyp = WGR
geldlogistik_6:vorgangstyp = INFORMATION
geldlogistik_6:zeitpunkt = 2024-09-03T11:47:54+02:00
geldlogistik_6:geldbetrag = 0#EUR
------------------------------------------
geldlogistik_6.bestandSorte_1:anzahl = 0
geldlogistik_6.bestandSorte_1:nennwert = EUR#100
------------------------------------------
geldlogistik_7:abrechnung = 1
geldlogistik_7:einschubNr = 1
geldlogistik_7:geldlogistiker = 0
geldlogistik_7:geldspeicherId = 33201609
geldlogistik_7:geldspeichertyp = ZGS
geldlogistik_7:vorgangstyp = INFORMATION
geldlogistik_7:zeitpunkt = 2024-09-03T11:47:55+02:00
geldlogistik_7:geldbetrag = 14000#EUR
------------------------------------------
geldlogistik_7.bestandSorte_1:anzahl = 1400
geldlogistik_7.bestandSorte_1:nennwert = EUR#10
------------------------------------------
geldlogistik_8:abrechnung = 1
geldlogistik_8:einschubNr = 2
geldlogistik_8:geldlogistiker = 0
geldlogistik_8:geldspeicherId = 34204823
geldlogistik_8:geldspeichertyp = ZGS
geldlogistik_8:vorgangstyp = INFORMATION
geldlogistik_8:zeitpunkt = 2024-09-03T11:47:55+02:00
geldlogistik_8:geldbetrag = 20000#EUR
------------------------------------------
geldlogistik_8.bestandSorte_1:anzahl = 100
geldlogistik_8.bestandSorte_1:nennwert = EUR#200
------------------------------------------
geldlogistik_9:abrechnung = 1
geldlogistik_9:einschubNr = 3
geldlogistik_9:geldlogistiker = 0
geldlogistik_9:geldspeicherId = 31210510
geldlogistik_9:geldspeichertyp = ZGS
geldlogistik_9:vorgangstyp = INFORMATION
geldlogistik_9:zeitpunkt = 2024-09-03T11:47:55+02:00
geldlogistik_9:geldbetrag = 10000#EUR
------------------------------------------
geldlogistik_9.bestandSorte_1:anzahl = 100
geldlogistik_9.bestandSorte_1:nennwert = EUR#100
------------------------------------------
geldlogistik_10:abrechnung = 1
geldlogistik_10:einschubNr = 1
geldlogistik_10:geldlogistiker = 0
geldlogistik_10:geldspeicherId = 80211507
geldlogistik_10:geldspeichertyp = MEK
geldlogistik_10:vorgangstyp = INFORMATION
geldlogistik_10:zeitpunkt = 2024-09-03T11:47:56+02:00
geldlogistik_10:geldbetrag = 0#EUR
------------------------------------------
geldlogistik_11:abrechnung = 1
geldlogistik_11:einschubNr = 1
geldlogistik_11:geldlogistiker = 0
geldlogistik_11:geldspeicherId = 676000331
geldlogistik_11:geldspeichertyp = BEK
geldlogistik_11:vorgangstyp = INFORMATION
geldlogistik_11:zeitpunkt = 2024-09-03T11:47:56+02:00
geldlogistik_11:geldbetrag = 0#EUR
------------------------------------------
geldlogistik_12:abrechnung = 1
geldlogistik_12:einschubNr = 0
geldlogistik_12:geldlogistiker = 0
geldlogistik_12:geldspeicherId = 99
geldlogistik_12:geldspeichertyp = BEK
geldlogistik_12:vorgangstyp = INFORMATION
geldlogistik_12:zeitpunkt = 2024-09-03T11:47:57+02:00
geldlogistik_12:geldbetrag = 0#EUR
------------------------------------------
geldlogistik_13:abrechnung = 2
geldlogistik_13:einschubNr = 1
geldlogistik_13:geldlogistiker = 0
geldlogistik_13:geldspeicherId = 47211168
geldlogistik_13:geldspeichertyp = WGR
geldlogistik_13:vorgangstyp = INFORMATION
geldlogistik_13:zeitpunkt = 2024-09-03T11:40:51+02:00
geldlogistik_13:geldbetrag = 0#EUR
------------------------------------------
geldlogistik_13.bestandSorte_1:anzahl = 0
geldlogistik_13.bestandSorte_1:nennwert = EUR#20
------------------------------------------
geldlogistik_14:abrechnung = 2
geldlogistik_14:einschubNr = 2
geldlogistik_14:geldlogistiker = 0
geldlogistik_14:geldspeicherId = 44211138
geldlogistik_14:geldspeichertyp = WGR
geldlogistik_14:vorgangstyp = INFORMATION
geldlogistik_14:zeitpunkt = 2024-09-03T11:40:51+02:00
geldlogistik_14:geldbetrag = 0#EUR
------------------------------------------
geldlogistik_14.bestandSorte_1:anzahl = 0
geldlogistik_14.bestandSorte_1:nennwert = EUR#5
------------------------------------------
geldlogistik_15:abrechnung = 2
geldlogistik_15:einschubNr = 3
geldlogistik_15:geldlogistiker = 0
geldlogistik_15:geldspeicherId = 42211167
geldlogistik_15:geldspeichertyp = WGR
geldlogistik_15:vorgangstyp = INFORMATION
geldlogistik_15:zeitpunkt = 2024-09-03T11:40:52+02:00
geldlogistik_15:geldbetrag = 0#EUR
------------------------------------------
geldlogistik_15.bestandSorte_1:anzahl = 0
geldlogistik_15.bestandSorte_1:nennwert = EUR#50
------------------------------------------
geldlogistik_16:abrechnung = 2
geldlogistik_16:einschubNr = 4
geldlogistik_16:geldlogistiker = 0
geldlogistik_16:geldspeicherId = 43211148
geldlogistik_16:geldspeichertyp = WGR
geldlogistik_16:vorgangstyp = INFORMATION
geldlogistik_16:zeitpunkt = 2024-09-03T11:40:53+02:00
geldlogistik_16:geldbetrag = 0#EUR
------------------------------------------
geldlogistik_16.bestandSorte_1:anzahl = 0
geldlogistik_16.bestandSorte_1:nennwert = EUR#10
------------------------------------------
geldlogistik_17:abrechnung = 2
geldlogistik_17:einschubNr = 5
geldlogistik_17:geldlogistiker = 0
geldlogistik_17:geldspeicherId = 40211179
geldlogistik_17:geldspeichertyp = WGR
geldlogistik_17:vorgangstyp = INFORMATION
geldlogistik_17:zeitpunkt = 2024-09-03T11:40:53+02:00
geldlogistik_17:geldbetrag = 0#EUR
------------------------------------------
geldlogistik_17.bestandSorte_1:anzahl = 0
geldlogistik_17.bestandSorte_1:nennwert = EUR#200
------------------------------------------
geldlogistik_18:abrechnung = 2
geldlogistik_18:einschubNr = 6
geldlogistik_18:geldlogistiker = 0
geldlogistik_18:geldspeicherId = 41211176
geldlogistik_18:geldspeichertyp = WGR
geldlogistik_18:vorgangstyp = INFORMATION
geldlogistik_18:zeitpunkt = 2024-09-03T11:40:54+02:00
geldlogistik_18:geldbetrag = 0#EUR
------------------------------------------
geldlogistik_18.bestandSorte_1:anzahl = 0
geldlogistik_18.bestandSorte_1:nennwert = EUR#100
------------------------------------------
geldlogistik_19:abrechnung = 2
geldlogistik_19:einschubNr = 1
geldlogistik_19:geldlogistiker = 0
geldlogistik_19:geldspeicherId = 33201609
geldlogistik_19:geldspeichertyp = ZGS
geldlogistik_19:vorgangstyp = INFORMATION
geldlogistik_19:zeitpunkt = 2024-09-03T11:40:55+02:00
geldlogistik_19:geldbetrag = 14000#EUR
------------------------------------------
geldlogistik_19.bestandSorte_1:anzahl = 1400
geldlogistik_19.bestandSorte_1:nennwert = EUR#10
------------------------------------------
geldlogistik_20:abrechnung = 2
geldlogistik_20:einschubNr = 2
geldlogistik_20:geldlogistiker = 0
geldlogistik_20:geldspeicherId = 34204823
geldlogistik_20:geldspeichertyp = ZGS
geldlogistik_20:vorgangstyp = INFORMATION
geldlogistik_20:zeitpunkt = 2024-09-03T11:40:55+02:00
geldlogistik_20:geldbetrag = 20000#EUR
------------------------------------------
geldlogistik_20.bestandSorte_1:anzahl = 100
geldlogistik_20.bestandSorte_1:nennwert = EUR#200
------------------------------------------
geldlogistik_21:abrechnung = 2
geldlogistik_21:einschubNr = 3
geldlogistik_21:geldlogistiker = 0
geldlogistik_21:geldspeicherId = 31210510
geldlogistik_21:geldspeichertyp = ZGS
geldlogistik_21:vorgangstyp = INFORMATION
geldlogistik_21:zeitpunkt = 2024-09-03T11:40:56+02:00
geldlogistik_21:geldbetrag = 10000#EUR
------------------------------------------
geldlogistik_21.bestandSorte_1:anzahl = 100
geldlogistik_21.bestandSorte_1:nennwert = EUR#100
------------------------------------------
geldlogistik_22:abrechnung = 2
geldlogistik_22:einschubNr = 1
geldlogistik_22:geldlogistiker = 0
geldlogistik_22:geldspeicherId = 80211507
geldlogistik_22:geldspeichertyp = MEK
geldlogistik_22:vorgangstyp = INFORMATION
geldlogistik_22:zeitpunkt = 2024-09-03T11:40:57+02:00
geldlogistik_22:geldbetrag = 0#EUR
------------------------------------------
geldlogistik_23:abrechnung = 2
geldlogistik_23:einschubNr = 1
geldlogistik_23:geldlogistiker = 0
geldlogistik_23:geldspeicherId = 676000331
geldlogistik_23:geldspeichertyp = BEK
geldlogistik_23:vorgangstyp = INFORMATION
geldlogistik_23:zeitpunkt = 2024-09-03T11:40:57+02:00
geldlogistik_23:geldbetrag = 0#EUR
------------------------------------------
geldlogistik_24:abrechnung = 2
geldlogistik_24:einschubNr = 0
geldlogistik_24:geldlogistiker = 0
geldlogistik_24:geldspeicherId = 99
geldlogistik_24:geldspeichertyp = BEK
geldlogistik_24:vorgangstyp = INFORMATION
geldlogistik_24:zeitpunkt = 2024-09-03T11:40:58+02:00
geldlogistik_24:geldbetrag = 0#EUR
------------------------------------------
abrechnung_1:abrechnungBeginn = 2024-09-03T11:40:59+02:00
abrechnung_1:abrechnungEnde = 2024-09-03T11:47:57+02:00
abrechnung_1:anzahlStatistiken = 0
------------------------------------------
abrechnung_1.summeWaehrung_1:summeWGRStart = 0#EUR
abrechnung_1.summeWaehrung_1:summeZGSStart = 44000#EUR
abrechnung_1.summeWaehrung_1:summeMEKStart = 0#EUR
abrechnung_1.summeWaehrung_1:summeBEKStart = 0#EUR
abrechnung_1.summeWaehrung_1:summeWGRZugefuehrt = 0#EUR
abrechnung_1.summeWaehrung_1:summeZGSZugefuehrt = 0#EUR
abrechnung_1.summeWaehrung_1:summeWGRAbgefuehrt = 0#EUR
abrechnung_1.summeWaehrung_1:summeZGSAbgefuehrt = 0#EUR
abrechnung_1.summeWaehrung_1:summeMEKAbgefuehrt = 0#EUR
abrechnung_1.summeWaehrung_1:summeBEKAbgefuehrt = 0#EUR
abrechnung_1.summeWaehrung_1:summeWGR = 0#EUR
abrechnung_1.summeWaehrung_1:summeZGS = 44000#EUR
abrechnung_1.summeWaehrung_1:summeMEK = 0#EUR
abrechnung_1.summeWaehrung_1:summeBEK = 0#EUR
------------------------------------------
abrechnung_1.summeWaehrung_1.detailsZahlungsart_1:anzahlGeldbehaelterwechsel = 0
abrechnung_1.summeWaehrung_1.detailsZahlungsart_1:anzahlkassenschnitt = 0
abrechnung_1.summeWaehrung_1.detailsZahlungsart_1:zahlungsart = 0
abrechnung_1.summeWaehrung_1.detailsZahlungsart_1:summeEinzahlungsbetrag = 0#EUR
abrechnung_1.summeWaehrung_1.detailsZahlungsart_1:summeUeberzahlungsbetrag = 0#EUR
abrechnung_1.summeWaehrung_1.detailsZahlungsart_1:summeRueckerstattungsbetrag = 0#EUR
abrechnung_1.summeWaehrung_1.detailsZahlungsart_1:summeStoerbetrag = 0#EUR
------------------------------------------
abrechnung_1.summeWaehrung_1.detailsZahlungsart_2:anzahlGeldbehaelterwechsel = 0
abrechnung_1.summeWaehrung_1.detailsZahlungsart_2:anzahlkassenschnitt = 0
abrechnung_1.summeWaehrung_1.detailsZahlungsart_2:zahlungsart = 1
abrechnung_1.summeWaehrung_1.detailsZahlungsart_2:summeEinzahlungsbetrag = 0#EUR
abrechnung_1.summeWaehrung_1.detailsZahlungsart_2:summeUeberzahlungsbetrag = 0#EUR
abrechnung_1.summeWaehrung_1.detailsZahlungsart_2:summeRueckerstattungsbetrag = 0#EUR
abrechnung_1.summeWaehrung_1.detailsZahlungsart_2:summeStoerbetrag = 0#EUR
------------------------------------------
abrechnung_1.summeWaehrung_1.detailsZahlungsart_3:anzahlGeldbehaelterwechsel = 1
abrechnung_1.summeWaehrung_1.detailsZahlungsart_3:anzahlkassenschnitt = 1
abrechnung_1.summeWaehrung_1.detailsZahlungsart_3:zahlungsart = 2
abrechnung_1.summeWaehrung_1.detailsZahlungsart_3:summeEinzahlungsbetrag = 650#EUR
abrechnung_1.summeWaehrung_1.detailsZahlungsart_3:summeUeberzahlungsbetrag = 0#EUR
abrechnung_1.summeWaehrung_1.detailsZahlungsart_3:summeRueckerstattungsbetrag = 0#EUR
abrechnung_1.summeWaehrung_1.detailsZahlungsart_3:summeStoerbetrag = 0#EUR
------------------------------------------
abrechnung_1.summeWaehrung_1.detailsZahlungsart_4:anzahlGeldbehaelterwechsel = 0
abrechnung_1.summeWaehrung_1.detailsZahlungsart_4:anzahlkassenschnitt = 0
abrechnung_1.summeWaehrung_1.detailsZahlungsart_4:zahlungsart = 3
abrechnung_1.summeWaehrung_1.detailsZahlungsart_4:summeEinzahlungsbetrag = 0#EUR
abrechnung_1.summeWaehrung_1.detailsZahlungsart_4:summeUeberzahlungsbetrag = 0#EUR
abrechnung_1.summeWaehrung_1.detailsZahlungsart_4:summeRueckerstattungsbetrag = 0#EUR
abrechnung_1.summeWaehrung_1.detailsZahlungsart_4:summeStoerbetrag = 0#EUR
------------------------------------------
verkaufsstatistik_1:erstellungszeitpunkt = 2024-09-03T11:47:57+02:00
------------------------------------------
verkaufsstatistik_1.produktdetails_1:anzahlProdukte = 1
verkaufsstatistik_1.produktdetails_1:artikelnummer = 9292
verkaufsstatistik_1.produktdetails_1:kundengruppe = 0
verkaufsstatistik_1.produktdetails_1:medium = PAPIER
verkaufsstatistik_1.produktdetails_1:preisstufe = 34467
verkaufsstatistik_1.produktdetails_1:produktkennung = IDP_GVH_1
verkaufsstatistik_1.produktdetails_1:tarif = 3
verkaufsstatistik_1.produktdetails_1:tarifbezeichnung = - - -|Tarif_3
verkaufsstatistik_1.produktdetails_1:tickettyp = 0
verkaufsstatistik_1.produktdetails_1:verkaufsart = PT_VERKAUF
verkaufsstatistik_1.produktdetails_1:zahlungsart = 2
verkaufsstatistik_1.produktdetails_1:einzelPfand = 0#EUR
verkaufsstatistik_1.produktdetails_1:einzelpreis = 340#EUR
verkaufsstatistik_1.produktdetails_1:pfandTotal = 0#EUR
verkaufsstatistik_1.produktdetails_1:preisTotal = 340#EUR
verkaufsstatistik_1.produktdetails_1:ladebetragTotal = 0#EUR
------------------------------------------
verkaufsstatistik_1.produktdetails_2:anzahlProdukte = 1
verkaufsstatistik_1.produktdetails_2:artikelnummer = 9297
verkaufsstatistik_1.produktdetails_2:kundengruppe = 0
verkaufsstatistik_1.produktdetails_2:medium = PAPIER
verkaufsstatistik_1.produktdetails_2:preisstufe = 34477
verkaufsstatistik_1.produktdetails_2:produktkennung = IDP_GVH_2
verkaufsstatistik_1.produktdetails_2:tarif = 3
verkaufsstatistik_1.produktdetails_2:tarifbezeichnung = - - -|Tarif_3
verkaufsstatistik_1.produktdetails_2:tickettyp = 0
verkaufsstatistik_1.produktdetails_2:verkaufsart = PT_VERKAUF
verkaufsstatistik_1.produktdetails_2:zahlungsart = 2
verkaufsstatistik_1.produktdetails_2:einzelPfand = 0#EUR
verkaufsstatistik_1.produktdetails_2:einzelpreis = 130#EUR
verkaufsstatistik_1.produktdetails_2:pfandTotal = 0#EUR
verkaufsstatistik_1.produktdetails_2:preisTotal = 130#EUR
verkaufsstatistik_1.produktdetails_2:ladebetragTotal = 0#EUR
------------------------------------------
verkaufsstatistik_1.produktdetails_3:anzahlProdukte = 1
verkaufsstatistik_1.produktdetails_3:artikelnummer = 11266
verkaufsstatistik_1.produktdetails_3:kundengruppe = 0
verkaufsstatistik_1.produktdetails_3:medium = PAPIER
verkaufsstatistik_1.produktdetails_3:preisstufe = 34473
verkaufsstatistik_1.produktdetails_3:produktkennung = IDP_GVH_17
verkaufsstatistik_1.produktdetails_3:tarif = 3
verkaufsstatistik_1.produktdetails_3:tarifbezeichnung = - - -|Tarif_3
verkaufsstatistik_1.produktdetails_3:tickettyp = 0
verkaufsstatistik_1.produktdetails_3:verkaufsart = PT_VERKAUF
verkaufsstatistik_1.produktdetails_3:zahlungsart = 2
verkaufsstatistik_1.produktdetails_3:einzelPfand = 0#EUR
verkaufsstatistik_1.produktdetails_3:einzelpreis = 180#EUR
verkaufsstatistik_1.produktdetails_3:pfandTotal = 0#EUR
verkaufsstatistik_1.produktdetails_3:preisTotal = 180#EUR
verkaufsstatistik_1.produktdetails_3:ladebetragTotal = 0#EUR
------------------------------------------
GLOBAL:PROJEKTNAME = RANOREX
GLOBAL:DATABASE = C:\_Daten\HGS_Meldungen\MELDUNGEN/CONFIG\RANOREX\database.ini
GLOBAL:AUTOMAT = 999000
GLOBAL:URLHGS = https://uestra.dev.ti-ica.de/dplus/services/automatenService/3_10/?wsdl
GLOBAL:VERSION = 3.10
GLOBAL:TRANSFERFILE = C:\_Daten\HGS_Meldungen\MELDUNGEN/CONFIG/TRANSFER/transfer_RANOREX.ini
------------------------------------------

###############################################

###############################################
Message:
###############################################
<s:Envelope xmlns:s="http://schemas.xmlsoap.org/soap/envelope/">
    <s:Body xmlns:xsd="http://www.w3.org/2001/XMLSchema" xmlns:xsi="http://www.w3.org/2001/XMLSchema-instance">
        <empfangeSchichtreport xmlns="http://tms.ica.de/automatenService/wsdl/3_10/">
            <faaSchichtreport xmlns="http://tms.ica.de/automatenService/3_10/" sstVersion="3.10">
                <verkaufspunkt posNummer="999000" betreiber="99" seriennummer="999000" ipAdresse="0.0.0.0"/>
                <versionKey>-1</versionKey>
                <abrechnungsnummer>10504</abrechnungsnummer>
                <verkaeufer>automat</verkaeufer>
                <servicetechniker>0</servicetechniker>
                <verkaeufe zeitpunkt="2024-09-03T11:45:04.000+02:00" transaktionsnummer="18" verkaufsart="PT_VERKAUF" verkaufHaltestelle="25701731" verkaufZone="4000000110" startZone="4000000110" zielZone="0" viaZone="0" wegVariante="0" startGemeinde="0" zielGemeinde="0" verkehr="1" linie="0" linieVariante="0" richtung="1" ticketNummer="16" beginnGueltigkeit="2024-09-03T11:44:33.000+02:00" endeGueltigkeit="2024-09-04T11:45:04.000+02:00" anzahlPerson="1" sprache="0" produktkennung="IDP_GVH_1" produktbezeichnung="Einzelkarte" artikelnummer="9292" tarif="3" tarifBezeichnung="- - -|Tarif_3" medium="PAPIER" mediumID="0" preisstufe="100003" subvention="0" tarifstufe="" mwstSatz="0" gattung="16961" kundengruppe="0" preisstufenText="C" produktkennungExtern="" relationsnummer="" status="0" startHaltestelle="25701731" zielHaltestelle="0" zusatzInformationen="" fahrzeugKennung="">
                    <pfand betrag="0" waehrung="EUR"/>
                    <preis betrag="340" waehrung="EUR"/>
                    <metadaten sequenznummer="10160" guid="47eb4723-eb10-4fdf-a59d-96b0b221b824"/>
                </verkaeufe>
                <verkaeufe zeitpunkt="2024-09-03T11:45:04.000+02:00" transaktionsnummer="18" verkaufsart="PT_VERKAUF" verkaufHaltestelle="25701731" verkaufZone="4000000110" startZone="4000000110" zielZone="0" viaZone="0" wegVariante="0" startGemeinde="0" zielGemeinde="0" verkehr="1" linie="0" linieVariante="0" richtung="1" ticketNummer="17" beginnGueltigkeit="2024-09-03T11:44:36.000+02:00" endeGueltigkeit="2024-09-04T11:45:04.000+02:00" anzahlPerson="1" sprache="0" produktkennung="IDP_GVH_2" produktbezeichnung="Einzelkarte Kind" artikelnummer="9297" tarif="3" tarifBezeichnung="- - -|Tarif_3" medium="PAPIER" mediumID="0" preisstufe="100013" subvention="0" tarifstufe="" mwstSatz="0" gattung="16962" kundengruppe="0" preisstufenText="ABC" produktkennungExtern="ABC" relationsnummer="" status="0" startHaltestelle="25701731" zielHaltestelle="0" zusatzInformationen="" fahrzeugKennung="">
                    <pfand betrag="0" waehrung="EUR"/>
                    <preis betrag="130" waehrung="EUR"/>
                    <metadaten sequenznummer="10161" guid="cad051ec-8613-4b57-95b0-85f629ade40f"/>
                </verkaeufe>
                <verkaeufe zeitpunkt="2024-09-03T11:45:39.000+02:00" transaktionsnummer="19" verkaufsart="PT_VERKAUF" verkaufHaltestelle="25701731" verkaufZone="4000000110" startZone="4000000110" zielZone="0" viaZone="0" wegVariante="0" startGemeinde="0" zielGemeinde="0" verkehr="1" linie="0" linieVariante="0" richtung="1" ticketNummer="18" beginnGueltigkeit="2024-09-03T11:45:23.000+02:00" endeGueltigkeit="2024-09-04T11:45:39.000+02:00" anzahlPerson="1" sprache="0" produktkennung="IDP_GVH_17" produktbezeichnung="Kurzstreckenkarte" artikelnummer="11266" tarif="3" tarifBezeichnung="- - -|Tarif_3" medium="PAPIER" mediumID="0" preisstufe="100009" subvention="0" tarifstufe="" mwstSatz="0" gattung="16977" kundengruppe="0" preisstufenText="K" produktkennungExtern="" relationsnummer="" status="0" startHaltestelle="25701731" zielHaltestelle="0" zusatzInformationen="" fahrzeugKennung="">
                    <pfand betrag="0" waehrung="EUR"/>
                    <preis betrag="180" waehrung="EUR"/>
                    <metadaten sequenznummer="10162" guid="fabf4745-6966-4c4a-af3e-c2afff6f970d"/>
                </verkaeufe>
                <quittungen zeitpunkt="2024-09-03T11:45:04.000+02:00" transaktionsnummer="18" anzahltransaktionen="2" zahlungsart="2" muenzenNotenEingegeben="" muenzenNotenZurueckgegeben="" haendlerkartennr="" geldkartenNr="" geldkartenBseq="" geldkarteSseq="" geldkarteHseq="" terminalIdGiroCard="75011402" transaktionsnummerGiroCard="3372" kartennummergirocard="######3051" terminalIdKreditkarte="75011402" transaktionsnummerKreditkarte="0" kartennummerKreditkarte="" gueltigkeitKreditkarte="6D1811EF" statusStorno="0" statusTransaktion="0">
                    <pfandTotal betrag="0" waehrung="EUR"/>
                    <preisTotal betrag="470" waehrung="EUR"/>
                    <einzahlungsbetrag betrag="470" waehrung="EUR"/>
                    <ueberzahlungsbetrag betrag="0" waehrung="EUR"/>
                    <rueckerstattungsbetragSoll betrag="0" waehrung="EUR"/>
                    <rueckerstattungsbetragIst betrag="0" waehrung="EUR"/>
                    <stoerbetrag betrag="0" waehrung="EUR"/>
                    <metadaten sequenznummer="10163" guid="2f4f6612-a739-40a4-bbec-5ca776ae0110"/>
                </quittungen>
                <quittungen zeitpunkt="2024-09-03T11:45:39.000+02:00" transaktionsnummer="19" anzahltransaktionen="1" zahlungsart="2" muenzenNotenEingegeben="" muenzenNotenZurueckgegeben="" haendlerkartennr="" geldkartenNr="" geldkartenBseq="" geldkarteSseq="" geldkarteHseq="" terminalIdGiroCard="75011402" transaktionsnummerGiroCard="3374" kartennummergirocard="######3051" terminalIdKreditkarte="75011402" transaktionsnummerKreditkarte="0" kartennummerKreditkarte="" gueltigkeitKreditkarte="6D1811EF" statusStorno="0" statusTransaktion="0">
                    <pfandTotal betrag="0" waehrung="EUR"/>
                    <preisTotal betrag="180" waehrung="EUR"/>
                    <einzahlungsbetrag betrag="180" waehrung="EUR"/>
                    <ueberzahlungsbetrag betrag="0" waehrung="EUR"/>
                    <rueckerstattungsbetragSoll betrag="0" waehrung="EUR"/>
                    <rueckerstattungsbetragIst betrag="0" waehrung="EUR"/>
                    <stoerbetrag betrag="0" waehrung="EUR"/>
                    <metadaten sequenznummer="10164" guid="c74266d1-3397-432c-ad90-3d4b99a6267f"/>
                </quittungen>
                <produktausgaben zeitpunkt="2024-09-03T11:44:57.000+02:00" ausgabemedium="SORT_1" seriennummerPapier="018836" abschnittsnummerPapier="0005305" verwendung="1" transaktionsnummer="18" ticketNummer="16" ausgabestatus="0" ausgabeMediumTyp="PAPIER" charge="" materialcode="0" medienkennung="00188360005305" ausgabeBaugruppe="DEV_PRN_1" einbaupositionBaugruppe="1" ausgabeVorratsbehaelter="PRN_PB_1" alarm="0" medienkennungStart="00188360005305" abschnittsnummerPapierStart="0005305">
                    <metadaten sequenznummer="10165" guid="693018c8-9037-49d5-b916-dd91a1cfc0aa"/>
                </produktausgaben>
                <produktausgaben zeitpunkt="2024-09-03T11:45:01.000+02:00" ausgabemedium="SORT_1" seriennummerPapier="018836" abschnittsnummerPapier="0005304" verwendung="1" transaktionsnummer="18" ticketNummer="17" ausgabestatus="0" ausgabeMediumTyp="PAPIER" charge="" materialcode="0" medienkennung="00188360005304" ausgabeBaugruppe="DEV_PRN_1" einbaupositionBaugruppe="1" ausgabeVorratsbehaelter="PRN_PB_1" alarm="0" medienkennungStart="00188360005304" abschnittsnummerPapierStart="0005304">
                    <metadaten sequenznummer="10166" guid="a5fc5128-8461-4f1b-80eb-11eff545b48b"/>
                </produktausgaben>
                <produktausgaben zeitpunkt="2024-09-03T11:45:36.000+02:00" ausgabemedium="SORT_1" seriennummerPapier="018836" abschnittsnummerPapier="0005303" verwendung="1" transaktionsnummer="19" ticketNummer="18" ausgabestatus="0" ausgabeMediumTyp="PAPIER" charge="" materialcode="0" medienkennung="00188360005303" ausgabeBaugruppe="DEV_PRN_1" einbaupositionBaugruppe="1" ausgabeVorratsbehaelter="PRN_PB_1" alarm="0" medienkennungStart="00188360005303" abschnittsnummerPapierStart="0005303">
                    <metadaten sequenznummer="10167" guid="adfece5c-0cc7-45e1-b4da-d394aaf9b909"/>
                </produktausgaben>
                <geldlogistik vorgangstyp="INFORMATION" zeitpunkt="2024-09-03T11:47:52.000+02:00" geldlogistiker="0" geldspeichertyp="WGR" einschubNr="1" geldspeicherId="47211168" abrechnung="1">
                    <geldbetrag betrag="0" waehrung="EUR"/>
                    <bestandSorte anzahl="0">
                        <nennwert waehrung="EUR" wertigkeit="20"/>
                    </bestandSorte>
                    <metadaten sequenznummer="10168" guid="12394e9f-ce6c-47bb-97f3-07f828435452"/>
                </geldlogistik>
                <geldlogistik vorgangstyp="INFORMATION" zeitpunkt="2024-09-03T11:47:56.000+02:00" geldlogistiker="0" geldspeichertyp="MEK" einschubNr="1" geldspeicherId="80211507" abrechnung="1">
                    <geldbetrag betrag="0" waehrung="EUR"/>
                    <metadaten sequenznummer="10177" guid="7636ebe5-36ac-41b9-beed-a21c8f9d914c"/>
                </geldlogistik>
                <geldlogistik vorgangstyp="INFORMATION" zeitpunkt="2024-09-03T11:47:56.000+02:00" geldlogistiker="0" geldspeichertyp="BEK" einschubNr="1" geldspeicherId="676000331" abrechnung="1">
                    <geldbetrag betrag="0" waehrung="EUR"/>
                    <metadaten sequenznummer="10178" guid="43b98327-9b3d-4a38-9ee1-237feea76042"/>
                </geldlogistik>
                <geldlogistik vorgangstyp="INFORMATION" zeitpunkt="2024-09-03T11:47:57.000+02:00" geldlogistiker="0" geldspeichertyp="BEK" einschubNr="0" geldspeicherId="99" abrechnung="1">
                    <geldbetrag betrag="0" waehrung="EUR"/>
                    <metadaten sequenznummer="10179" guid="e9495491-e220-41ad-8cd6-3babe2358fbd"/>
                </geldlogistik>
                <geldlogistik vorgangstyp="INFORMATION" zeitpunkt="2024-09-03T11:40:51.000+02:00" geldlogistiker="0" geldspeichertyp="WGR" einschubNr="1" geldspeicherId="47211168" abrechnung="2">
                    <geldbetrag betrag="0" waehrung="EUR"/>
                    <bestandSorte anzahl="0">
                        <nennwert waehrung="EUR" wertigkeit="20"/>
                    </bestandSorte>
                    <metadaten sequenznummer="10180" guid="4571367d-4c82-448f-bccb-3e3bbe85272f"/>
                </geldlogistik>
                <geldlogistik vorgangstyp="INFORMATION" zeitpunkt="2024-09-03T11:40:51.000+02:00" geldlogistiker="0" geldspeichertyp="WGR" einschubNr="2" geldspeicherId="44211138" abrechnung="2">
                    <geldbetrag betrag="0" waehrung="EUR"/>
                    <bestandSorte anzahl="0">
                        <nennwert waehrung="EUR" wertigkeit="5"/>
                    </bestandSorte>
                    <metadaten sequenznummer="10181" guid="1bfabde3-d494-4c68-90bc-13da830b29e5"/>
                </geldlogistik>
                <geldlogistik vorgangstyp="INFORMATION" zeitpunkt="2024-09-03T11:40:52.000+02:00" geldlogistiker="0" geldspeichertyp="WGR" einschubNr="3" geldspeicherId="42211167" abrechnung="2">
                    <geldbetrag betrag="0" waehrung="EUR"/>
                    <bestandSorte anzahl="0">
                        <nennwert waehrung="EUR" wertigkeit="50"/>
                    </bestandSorte>
                    <metadaten sequenznummer="10182" guid="f85c5898-87cf-4534-827a-1eca1cbdeed2"/>
                </geldlogistik>
                <geldlogistik vorgangstyp="INFORMATION" zeitpunkt="2024-09-03T11:40:53.000+02:00" geldlogistiker="0" geldspeichertyp="WGR" einschubNr="4" geldspeicherId="43211148" abrechnung="2">
                    <geldbetrag betrag="0" waehrung="EUR"/>
                    <bestandSorte anzahl="0">
                        <nennwert waehrung="EUR" wertigkeit="10"/>
                    </bestandSorte>
                    <metadaten sequenznummer="10183" guid="fb826bdb-ae2d-4372-8072-79dc9881f49a"/>
                </geldlogistik>
                <geldlogistik vorgangstyp="INFORMATION" zeitpunkt="2024-09-03T11:40:53.000+02:00" geldlogistiker="0" geldspeichertyp="WGR" einschubNr="5" geldspeicherId="40211179" abrechnung="2">
                    <geldbetrag betrag="0" waehrung="EUR"/>
                    <bestandSorte anzahl="0">
                        <nennwert waehrung="EUR" wertigkeit="200"/>
                    </bestandSorte>
                    <metadaten sequenznummer="10184" guid="de55c1b8-9f2e-4aaf-9672-e3433ef49a68"/>
                </geldlogistik>
                <geldlogistik vorgangstyp="INFORMATION" zeitpunkt="2024-09-03T11:40:54.000+02:00" geldlogistiker="0" geldspeichertyp="WGR" einschubNr="6" geldspeicherId="41211176" abrechnung="2">
                    <geldbetrag betrag="0" waehrung="EUR"/>
                    <bestandSorte anzahl="0">
                        <nennwert waehrung="EUR" wertigkeit="100"/>
                    </bestandSorte>
                    <metadaten sequenznummer="10185" guid="bd33ca86-bd16-4dec-9265-62777d93b4bc"/>
                </geldlogistik>
                <geldlogistik vorgangstyp="INFORMATION" zeitpunkt="2024-09-03T11:40:55.000+02:00" geldlogistiker="0" geldspeichertyp="ZGS" einschubNr="1" geldspeicherId="33201609" abrechnung="2">
                    <geldbetrag betrag="14000" waehrung="EUR"/>
                    <bestandSorte anzahl="1400">
                        <nennwert waehrung="EUR" wertigkeit="10"/>
                    </bestandSorte>
                    <metadaten sequenznummer="10186" guid="1fe9192a-aadc-4fd0-8f24-881a2378b597"/>
                </geldlogistik>
                <geldlogistik vorgangstyp="INFORMATION" zeitpunkt="2024-09-03T11:47:52.000+02:00" geldlogistiker="0" geldspeichertyp="WGR" einschubNr="2" geldspeicherId="44211138" abrechnung="1">
                    <geldbetrag betrag="0" waehrung="EUR"/>
                    <bestandSorte anzahl="0">
                        <nennwert waehrung="EUR" wertigkeit="5"/>
                    </bestandSorte>
                    <metadaten sequenznummer="10169" guid="6e554574-38d4-4f1d-9036-bd85b6519424"/>
                </geldlogistik>
                <geldlogistik vorgangstyp="INFORMATION" zeitpunkt="2024-09-03T11:40:55.000+02:00" geldlogistiker="0" geldspeichertyp="ZGS" einschubNr="2" geldspeicherId="34204823" abrechnung="2">
                    <geldbetrag betrag="20000" waehrung="EUR"/>
                    <bestandSorte anzahl="100">
                        <nennwert waehrung="EUR" wertigkeit="200"/>
                    </bestandSorte>
                    <metadaten sequenznummer="10187" guid="523033a5-1ddd-435a-9ccf-dc94d44b88f4"/>
                </geldlogistik>
                <geldlogistik vorgangstyp="INFORMATION" zeitpunkt="2024-09-03T11:40:56.000+02:00" geldlogistiker="0" geldspeichertyp="ZGS" einschubNr="3" geldspeicherId="31210510" abrechnung="2">
                    <geldbetrag betrag="10000" waehrung="EUR"/>
                    <bestandSorte anzahl="100">
                        <nennwert waehrung="EUR" wertigkeit="100"/>
                    </bestandSorte>
                    <metadaten sequenznummer="10188" guid="6d506b75-e0d5-4c7f-a546-7905f6d12cc4"/>
                </geldlogistik>
                <geldlogistik vorgangstyp="INFORMATION" zeitpunkt="2024-09-03T11:40:57.000+02:00" geldlogistiker="0" geldspeichertyp="MEK" einschubNr="1" geldspeicherId="80211507" abrechnung="2">
                    <geldbetrag betrag="0" waehrung="EUR"/>
                    <metadaten sequenznummer="10189" guid="6488b39c-201b-452e-adbd-4ce3e55d78d1"/>
                </geldlogistik>
                <geldlogistik vorgangstyp="INFORMATION" zeitpunkt="2024-09-03T11:40:57.000+02:00" geldlogistiker="0" geldspeichertyp="BEK" einschubNr="1" geldspeicherId="676000331" abrechnung="2">
                    <geldbetrag betrag="0" waehrung="EUR"/>
                    <metadaten sequenznummer="10190" guid="0e96228c-0549-42ba-8e63-1a1cd7a792a4"/>
                </geldlogistik>
                <geldlogistik vorgangstyp="INFORMATION" zeitpunkt="2024-09-03T11:40:58.000+02:00" geldlogistiker="0" geldspeichertyp="BEK" einschubNr="0" geldspeicherId="99" abrechnung="2">
                    <geldbetrag betrag="0" waehrung="EUR"/>
                    <metadaten sequenznummer="10191" guid="6828f6df-6082-4921-bc9e-7f8e2147b442"/>
                </geldlogistik>
                <geldlogistik vorgangstyp="INFORMATION" zeitpunkt="2024-09-03T11:47:53.000+02:00" geldlogistiker="0" geldspeichertyp="WGR" einschubNr="3" geldspeicherId="42211167" abrechnung="1">
                    <geldbetrag betrag="0" waehrung="EUR"/>
                    <bestandSorte anzahl="0">
                        <nennwert waehrung="EUR" wertigkeit="50"/>
                    </bestandSorte>
                    <metadaten sequenznummer="10170" guid="d9f2f7ce-daf6-4512-9a06-e89cb103b0ea"/>
                </geldlogistik>
                <geldlogistik vorgangstyp="INFORMATION" zeitpunkt="2024-09-03T11:47:53.000+02:00" geldlogistiker="0" geldspeichertyp="WGR" einschubNr="4" geldspeicherId="43211148" abrechnung="1">
                    <geldbetrag betrag="0" waehrung="EUR"/>
                    <bestandSorte anzahl="0">
                        <nennwert waehrung="EUR" wertigkeit="10"/>
                    </bestandSorte>
                    <metadaten sequenznummer="10171" guid="a5e9c9eb-323e-4e03-a921-91e0ca7ff4f1"/>
                </geldlogistik>
                <geldlogistik vorgangstyp="INFORMATION" zeitpunkt="2024-09-03T11:47:54.000+02:00" geldlogistiker="0" geldspeichertyp="WGR" einschubNr="5" geldspeicherId="40211179" abrechnung="1">
                    <geldbetrag betrag="0" waehrung="EUR"/>
                    <bestandSorte anzahl="0">
                        <nennwert waehrung="EUR" wertigkeit="200"/>
                    </bestandSorte>
                    <metadaten sequenznummer="10172" guid="3a89000d-8db9-44f3-a5ea-406661ad2b4d"/>
                </geldlogistik>
                <geldlogistik vorgangstyp="INFORMATION" zeitpunkt="2024-09-03T11:47:54.000+02:00" geldlogistiker="0" geldspeichertyp="WGR" einschubNr="6" geldspeicherId="41211176" abrechnung="1">
                    <geldbetrag betrag="0" waehrung="EUR"/>
                    <bestandSorte anzahl="0">
                        <nennwert waehrung="EUR" wertigkeit="100"/>
                    </bestandSorte>
                    <metadaten sequenznummer="10173" guid="834ab4cc-0185-43e7-9b9a-b5950b06b16f"/>
                </geldlogistik>
                <geldlogistik vorgangstyp="INFORMATION" zeitpunkt="2024-09-03T11:47:55.000+02:00" geldlogistiker="0" geldspeichertyp="ZGS" einschubNr="1" geldspeicherId="33201609" abrechnung="1">
                    <geldbetrag betrag="14000" waehrung="EUR"/>
                    <bestandSorte anzahl="1400">
                        <nennwert waehrung="EUR" wertigkeit="10"/>
                    </bestandSorte>
                    <metadaten sequenznummer="10174" guid="8a3c9979-9036-42c3-ae3f-e534691e2170"/>
                </geldlogistik>
                <geldlogistik vorgangstyp="INFORMATION" zeitpunkt="2024-09-03T11:47:55.000+02:00" geldlogistiker="0" geldspeichertyp="ZGS" einschubNr="2" geldspeicherId="34204823" abrechnung="1">
                    <geldbetrag betrag="20000" waehrung="EUR"/>
                    <bestandSorte anzahl="100">
                        <nennwert waehrung="EUR" wertigkeit="200"/>
                    </bestandSorte>
                    <metadaten sequenznummer="10175" guid="4d06473c-1043-4c4d-9942-3fdd06ccd2a2"/>
                </geldlogistik>
                <geldlogistik vorgangstyp="INFORMATION" zeitpunkt="2024-09-03T11:47:55.000+02:00" geldlogistiker="0" geldspeichertyp="ZGS" einschubNr="3" geldspeicherId="31210510" abrechnung="1">
                    <geldbetrag betrag="10000" waehrung="EUR"/>
                    <bestandSorte anzahl="100">
                        <nennwert waehrung="EUR" wertigkeit="100"/>
                    </bestandSorte>
                    <metadaten sequenznummer="10176" guid="5b74047b-aa30-4844-a3a2-d05f04008aed"/>
                </geldlogistik>
                <abrechnung abrechnungBeginn="2024-09-03T11:40:59.000+02:00" abrechnungEnde="2024-09-03T11:47:57.000+02:00" anzahlStatistiken="0">
                    <summeWaehrung>
                        <summeWGRStart betrag="0" waehrung="EUR"/>
                        <summeZGSStart betrag="44000" waehrung="EUR"/>
                        <summeMEKStart betrag="0" waehrung="EUR"/>
                        <summeBEKStart betrag="0" waehrung="EUR"/>
                        <summeWGRZugefuehrt betrag="0" waehrung="EUR"/>
                        <summeZGSZugefuehrt betrag="0" waehrung="EUR"/>
                        <summeWGRAbgefuehrt betrag="0" waehrung="EUR"/>
                        <summeZGSAbgefuehrt betrag="0" waehrung="EUR"/>
                        <summeMEKAbgefuehrt betrag="0" waehrung="EUR"/>
                        <summeBEKAbgefuehrt betrag="0" waehrung="EUR"/>
                        <summeWGR betrag="0" waehrung="EUR"/>
                        <detailsZahlungsart zahlungsart="0" anzahlkassenschnitt="0" anzahlGeldbehaelterwechsel="0">
                            <summeEinzahlungsbetrag betrag="0" waehrung="EUR"/>
                            <summeUeberzahlungsbetrag betrag="0" waehrung="EUR"/>
                            <summeRueckerstattungsbetrag betrag="0" waehrung="EUR"/>
                            <summeStoerbetrag betrag="0" waehrung="EUR"/>
                        </detailsZahlungsart>
                        <detailsZahlungsart zahlungsart="1" anzahlkassenschnitt="0" anzahlGeldbehaelterwechsel="0">
                            <summeEinzahlungsbetrag betrag="0" waehrung="EUR"/>
                            <summeUeberzahlungsbetrag betrag="0" waehrung="EUR"/>
                            <summeRueckerstattungsbetrag betrag="0" waehrung="EUR"/>
                            <summeStoerbetrag betrag="0" waehrung="EUR"/>
                        </detailsZahlungsart>
                        <detailsZahlungsart zahlungsart="2" anzahlkassenschnitt="1" anzahlGeldbehaelterwechsel="1">
                            <summeEinzahlungsbetrag betrag="650" waehrung="EUR"/>
                            <summeUeberzahlungsbetrag betrag="0" waehrung="EUR"/>
                            <summeRueckerstattungsbetrag betrag="0" waehrung="EUR"/>
                            <summeStoerbetrag betrag="0" waehrung="EUR"/>
                        </detailsZahlungsart>
                        <detailsZahlungsart zahlungsart="3" anzahlkassenschnitt="0" anzahlGeldbehaelterwechsel="0">
                            <summeEinzahlungsbetrag betrag="0" waehrung="EUR"/>
                            <summeUeberzahlungsbetrag betrag="0" waehrung="EUR"/>
                            <summeRueckerstattungsbetrag betrag="0" waehrung="EUR"/>
                            <summeStoerbetrag betrag="0" waehrung="EUR"/>
                        </detailsZahlungsart>
                        <summeZGS betrag="44000" waehrung="EUR"/>
                        <summeMEK betrag="0" waehrung="EUR"/>
                        <summeBEK betrag="0" waehrung="EUR"/>
                    </summeWaehrung>
                    <metadaten sequenznummer="10192" guid="33c42c11-3498-42a7-8ea5-fd05141fc7b1"/>
                </abrechnung>
                <verkaufsstatistik erstellungszeitpunkt="2024-09-03T11:47:57.000+02:00">
                    <produktdetails verkaufsart="PT_VERKAUF" produktkennung="IDP_GVH_1" artikelnummer="9292" tarif="3" tarifbezeichnung="- - -|Tarif_3" medium="PAPIER" preisstufe="34467" kundengruppe="0" zahlungsart="2" anzahlProdukte="1" tickettyp="0">
                        <einzelPfand betrag="0" waehrung="EUR"/>
                        <einzelpreis betrag="340" waehrung="EUR"/>
                        <pfandTotal betrag="0" waehrung="EUR"/>
                        <preisTotal betrag="340" waehrung="EUR"/>
                        <ladebetragTotal betrag="0" waehrung="EUR"/>
                        <metadaten sequenznummer="10193" guid="ffb0fd94-ba59-473c-a0aa-b26655c751c1"/>
                    </produktdetails>
                    <produktdetails verkaufsart="PT_VERKAUF" produktkennung="IDP_GVH_2" artikelnummer="9297" tarif="3" tarifbezeichnung="- - -|Tarif_3" medium="PAPIER" preisstufe="34477" kundengruppe="0" zahlungsart="2" anzahlProdukte="1" tickettyp="0">
                        <einzelPfand betrag="0" waehrung="EUR"/>
                        <einzelpreis betrag="130" waehrung="EUR"/>
                        <pfandTotal betrag="0" waehrung="EUR"/>
                        <preisTotal betrag="130" waehrung="EUR"/>
                        <ladebetragTotal betrag="0" waehrung="EUR"/>
                        <metadaten sequenznummer="10194" guid="ee98797a-47b9-483c-90aa-419fe96b9ad8"/>
                    </produktdetails>
                    <produktdetails verkaufsart="PT_VERKAUF" produktkennung="IDP_GVH_17" artikelnummer="11266" tarif="3" tarifbezeichnung="- - -|Tarif_3" medium="PAPIER" preisstufe="34473" kundengruppe="0" zahlungsart="2" anzahlProdukte="1" tickettyp="0">
                        <einzelPfand betrag="0" waehrung="EUR"/>
                        <einzelpreis betrag="180" waehrung="EUR"/>
                        <pfandTotal betrag="0" waehrung="EUR"/>
                        <preisTotal betrag="180" waehrung="EUR"/>
                        <ladebetragTotal betrag="0" waehrung="EUR"/>
                        <metadaten sequenznummer="10195" guid="f4524e49-347c-4a7e-b2e8-a84041149978"/>
                    </produktdetails>
                </verkaufsstatistik>
            </faaSchichtreport>
        </empfangeSchichtreport>
    </s:Body>
</s:Envelope>


###############################################
###############################################
Result:
###############################################


###############################################
################################################################################

Finished: 2024-09-03 15:44:04

