################################################################################
#####   Generator -> Aktualisierungmeldung 
################################################################################
Started: 2024-08-06 11:15:31

###############################################
Arguments:
###############################################
 projektname                   : TEST
 TESTFALLNAME                  : ausser_Betrieb
 mainpath                      : C:\_Daten\Projekte\MELDUNGEN\
 MELDUNGSNAME                  : Aktualisierungmeldung
 testfallname                  : ausser_Betrieb
 meldungsname                  : Aktualisierungmeldung
 PROJEKTNAME                   : TEST
 MAINPATH                      : C:\_Daten\Projekte\MELDUNGEN\
###############################################


###############################################
Eingangsdaten:
###############################################

AktualisierungsMeldung:sstVersion = 3.10
AktualisierungsMeldung:versionKey = -1
AktualisierungsMeldung:zeitpunkt = 
AktualisierungsMeldung:aktualisierungstyp = STATUS
AktualisierungsMeldung:status = 2
------------------------------------------
automatenStatus_1:betriebStatus = AUSSER_BETRIEB
automatenStatus_1:letzteInteraktion = 
automatenStatus_1:letzterVerkauf = 
------------------------------------------
GLOBAL:PROJEKTNAME = TEST
GLOBAL:DATABASE = C:\_Daten\Projekte\MELDUNGEN\/CONFIG\TEST\database.ini
GLOBAL:AUTOMAT = 9091
GLOBAL:URLHGS = https://uestra.dev.ti-ica.de/dplus/services/automatenService/3_10/?wsdl
GLOBAL:VERSION = 3.10
------------------------------------------

###############################################

###############################################
Message:
###############################################
<s:Envelope xmlns:s="http://schemas.xmlsoap.org/soap/envelope/">
    <s:Body xmlns:xsd="http://www.w3.org/2001/XMLSchema" xmlns:xsi="http://www.w3.org/2001/XMLSchema-instance">
        <empfangeAktualisierungmeldung xmlns="http://tms.ica.de/automatenService/wsdl/3_10/">
            <faaAktualisierungmeldung xmlns="http://tms.ica.de/automatenService/3_10/">
                <automatenStatus betriebStatus="AUSSER_BETRIEB" letzteInteraktion="2024-08-06T11:15:31.591+02:00" letzterVerkauf="2024-08-06T11:15:31.592+02:00"/>
            </faaAktualisierungmeldung>
        </empfangeAktualisierungmeldung>
    </s:Body>
</s:Envelope>


###############################################
