################################################################################
#####   Generator -> Schichtreport 
################################################################################
Started: 2024-09-12 15:41:57

###############################################
Arguments:
###############################################
 projektname                   : RANOREX
 TESTFALLNAME                  : Schicht_v3q2_TVer
 mainpath                      : C:\_Daten\HGS_Meldungen\MELDUNGEN
 MELDUNGSNAME                  : Schichtreport
 testfallname                  : Schicht_v3q2_TVer
 meldungsname                  : Schichtreport
 PROJEKTNAME                   : RANOREX
 MAINPATH                      : C:\_Daten\HGS_Meldungen\MELDUNGEN
###############################################


###############################################
Eingangsdaten:
###############################################

Testdaten:stoerBetrag = 0,00
Testdaten:prodPreis = 
Testdaten:umsatzBar = 0,00
Testdaten:umsatzGesamt = 6,50
Testdaten:anzahlquittungen = 2
Testdaten:anzahlVerkauefe = 3
Testdaten:umsatzGiro = 6,50
Testdaten:summeVerkaeufe = 
Testdaten:verkaufsZeitraum = Dieser Monat
Testdaten:umsatzKredit = 0,00
Testdaten:abrechnungsnummer = 
------------------------------------------
Schichtreport:sstVersion = 3.10
Schichtreport:versionKey = -1
Schichtreport:abrechnungsnummer = #NEU#
Schichtreport:verkaeufer = automat
Schichtreport:servicetechniker = 0
------------------------------------------
verkaeufe_1:anzahlPerson = 1
verkaeufe_1:beginnGueltigkeit = 
verkaeufe_1:endeGueltigkeit = 
verkaeufe_1:fahrzeugKennung = 
verkaeufe_1:gattung = 16961
verkaeufe_1:kundengruppe = 0
verkaeufe_1:linie = 0
verkaeufe_1:linieVariante = 0
verkaeufe_1:medium = PAPIER
verkaeufe_1:mediumID = 0
verkaeufe_1:mwstSatz = 0
verkaeufe_1:preisstufe = 100003
verkaeufe_1:relationsnummer = 
verkaeufe_1:richtung = 1
verkaeufe_1:sprache = 0
verkaeufe_1:startGemeinde = 0
verkaeufe_1:startHaltestelle = 25701731
verkaeufe_1:startZone = 4000000110
verkaeufe_1:status = 0
verkaeufe_1:subvention = 0
verkaeufe_1:tarif = 3
verkaeufe_1:tarifstufe = 
verkaeufe_1:ticketNummer = 16
verkaeufe_1:verkaufHaltestelle = 25701731
verkaeufe_1:verkaufZone = 4000000110
verkaeufe_1:verkaufsart = PT_VERKAUF
verkaeufe_1:verkehr = 1
verkaeufe_1:viaZone = 0
verkaeufe_1:wegVariante = 0
verkaeufe_1:zeitpunkt = 
verkaeufe_1:zielGemeinde = 0
verkaeufe_1:zielHaltestelle = 0
verkaeufe_1:zielZone = 0
verkaeufe_1:zusatzInformationen = 
verkaeufe_1:pfand = 0#EUR
verkaeufe_1:transaktionsnummer = 18
verkaeufe_1:preisstufenText = C
verkaeufe_1:produktkennung = IDP_GVH_1
verkaeufe_1:produktkennungExtern = 
verkaeufe_1:tarifBezeichnung = - - -|Tarif_3
verkaeufe_1:artikelnummer = 9292
verkaeufe_1:produktbezeichnung = Einzelkarte
verkaeufe_1:preis = 340#EUR
------------------------------------------
verkaeufe_2:anzahlPerson = 1
verkaeufe_2:beginnGueltigkeit = 
verkaeufe_2:endeGueltigkeit = 
verkaeufe_2:fahrzeugKennung = 
verkaeufe_2:gattung = 16962
verkaeufe_2:kundengruppe = 0
verkaeufe_2:linie = 0
verkaeufe_2:linieVariante = 0
verkaeufe_2:medium = PAPIER
verkaeufe_2:mediumID = 0
verkaeufe_2:mwstSatz = 0
verkaeufe_2:preisstufe = 100013
verkaeufe_2:relationsnummer = 
verkaeufe_2:richtung = 1
verkaeufe_2:sprache = 0
verkaeufe_2:startGemeinde = 0
verkaeufe_2:startHaltestelle = 25701731
verkaeufe_2:startZone = 4000000110
verkaeufe_2:status = 0
verkaeufe_2:subvention = 0
verkaeufe_2:tarif = 3
verkaeufe_2:tarifBezeichnung = - - -|Tarif_3
verkaeufe_2:tarifstufe = 
verkaeufe_2:ticketNummer = 17
verkaeufe_2:verkaufHaltestelle = 25701731
verkaeufe_2:verkaufZone = 4000000110
verkaeufe_2:verkaufsart = PT_VERKAUF
verkaeufe_2:verkehr = 1
verkaeufe_2:viaZone = 0
verkaeufe_2:wegVariante = 0
verkaeufe_2:zeitpunkt = 
verkaeufe_2:zielGemeinde = 0
verkaeufe_2:zielHaltestelle = 0
verkaeufe_2:zielZone = 0
verkaeufe_2:zusatzInformationen = 
verkaeufe_2:pfand = 0#EUR
verkaeufe_2:transaktionsnummer = 18
verkaeufe_2:preisstufenText = ABC
verkaeufe_2:produktkennung = IDP_GVH_2
verkaeufe_2:produktkennungExtern = ABC
verkaeufe_2:artikelnummer = 9297
verkaeufe_2:produktbezeichnung = Einzelkarte Kind
verkaeufe_2:preis = 130#EUR
------------------------------------------
verkaeufe_3:anzahlPerson = 1
verkaeufe_3:beginnGueltigkeit = 
verkaeufe_3:endeGueltigkeit = 
verkaeufe_3:fahrzeugKennung = 
verkaeufe_3:gattung = 16977
verkaeufe_3:kundengruppe = 0
verkaeufe_3:linie = 0
verkaeufe_3:linieVariante = 0
verkaeufe_3:medium = PAPIER
verkaeufe_3:mediumID = 0
verkaeufe_3:mwstSatz = 0
verkaeufe_3:preisstufe = 100009
verkaeufe_3:produktkennungExtern = 
verkaeufe_3:relationsnummer = 
verkaeufe_3:richtung = 1
verkaeufe_3:sprache = 0
verkaeufe_3:startGemeinde = 0
verkaeufe_3:startHaltestelle = 25701731
verkaeufe_3:startZone = 4000000110
verkaeufe_3:status = 0
verkaeufe_3:subvention = 0
verkaeufe_3:tarif = 3
verkaeufe_3:tarifstufe = 
verkaeufe_3:ticketNummer = 18
verkaeufe_3:verkaufHaltestelle = 25701731
verkaeufe_3:verkaufZone = 4000000110
verkaeufe_3:verkaufsart = PT_VERKAUF
verkaeufe_3:verkehr = 1
verkaeufe_3:viaZone = 0
verkaeufe_3:wegVariante = 0
verkaeufe_3:zeitpunkt = 
verkaeufe_3:zielGemeinde = 0
verkaeufe_3:zielHaltestelle = 0
verkaeufe_3:zielZone = 0
verkaeufe_3:zusatzInformationen = 
verkaeufe_3:pfand = 0#EUR
verkaeufe_3:transaktionsnummer = 19
verkaeufe_3:preisstufenText = K
verkaeufe_3:produktkennung = IDP_GVH_17
verkaeufe_3:tarifBezeichnung = - - -|Tarif_3
verkaeufe_3:artikelnummer = 11266
verkaeufe_3:produktbezeichnung = Kurzstreckenkarte
verkaeufe_3:preis = 180#EUR
------------------------------------------
quittungen_1:geldkarteHseq = 
quittungen_1:geldkarteSseq = 
quittungen_1:geldkartenBseq = 
quittungen_1:geldkartenNr = 
quittungen_1:gueltigkeitKreditkarte = 6D1811EF
quittungen_1:haendlerkartennr = 
quittungen_1:kartennummerKreditkarte = 
quittungen_1:kartennummergirocard = ######3051
quittungen_1:muenzenNotenEingegeben = 
quittungen_1:muenzenNotenZurueckgegeben = 
quittungen_1:statusStorno = 0
quittungen_1:statusTransaktion = 0
quittungen_1:terminalIdGiroCard = 75011402
quittungen_1:terminalIdKreditkarte = 75011402
quittungen_1:zahlungsart = 2
quittungen_1:zeitpunkt = 
quittungen_1:anzahltransaktionen = 2
quittungen_1:transaktionsnummer = 18
quittungen_1:preisTotal = 470#EUR
quittungen_1:einzahlungsbetrag = 470#EUR
quittungen_1:transaktionsnummerGiroCard = 3372
quittungen_1:ueberzahlungsbetrag = 0#EUR
quittungen_1:rueckerstattungsbetragIst = 0#EUR
quittungen_1:stoerbetrag = 0#EUR
quittungen_1:rueckerstattungsbetragSoll = 0#EUR
quittungen_1:pfandTotal = 0#EUR
quittungen_1:transaktionsnummerKreditkarte = 0
------------------------------------------
quittungen_2:geldkarteHseq = 
quittungen_2:geldkarteSseq = 
quittungen_2:geldkartenBseq = 
quittungen_2:geldkartenNr = 
quittungen_2:gueltigkeitKreditkarte = 6D1811EF
quittungen_2:haendlerkartennr = 
quittungen_2:kartennummerKreditkarte = 
quittungen_2:kartennummergirocard = ######3051
quittungen_2:muenzenNotenEingegeben = 
quittungen_2:muenzenNotenZurueckgegeben = 
quittungen_2:statusStorno = 0
quittungen_2:statusTransaktion = 0
quittungen_2:terminalIdGiroCard = 75011402
quittungen_2:terminalIdKreditkarte = 75011402
quittungen_2:zahlungsart = 2
quittungen_2:zeitpunkt = 
quittungen_2:anzahltransaktionen = 1
quittungen_2:transaktionsnummer = 19
quittungen_2:preisTotal = 180#EUR
quittungen_2:einzahlungsbetrag = 180#EUR
quittungen_2:transaktionsnummerGiroCard = 3374
quittungen_2:ueberzahlungsbetrag = 0#EUR
quittungen_2:rueckerstattungsbetragIst = 0#EUR
quittungen_2:stoerbetrag = 0#EUR
quittungen_2:rueckerstattungsbetragSoll = 0#EUR
quittungen_2:pfandTotal = 0#EUR
quittungen_2:transaktionsnummerKreditkarte = 0
------------------------------------------
produktausgaben_1:abschnittsnummerPapier = #neu#
produktausgaben_1:abschnittsnummerPapierStart = 
produktausgaben_1:alarm = 0
produktausgaben_1:ausgabeBaugruppe = DEV_PRN_1
produktausgaben_1:ausgabeMediumTyp = PAPIER
produktausgaben_1:ausgabeVorratsbehaelter = PRN_PB_1
produktausgaben_1:ausgabemedium = SORT_1
produktausgaben_1:ausgabestatus = 0
produktausgaben_1:charge = 
produktausgaben_1:einbaupositionBaugruppe = 1
produktausgaben_1:materialcode = 0
produktausgaben_1:medienkennung = 
produktausgaben_1:medienkennungStart = 
produktausgaben_1:seriennummerPapier = 
produktausgaben_1:verwendung = 1
produktausgaben_1:zeitpunkt = 
produktausgaben_1:transaktionsnummer = 18
produktausgaben_1:ticketNummer = 16
------------------------------------------
produktausgaben_2:alarm = 0
produktausgaben_2:ausgabeBaugruppe = DEV_PRN_1
produktausgaben_2:ausgabeMediumTyp = PAPIER
produktausgaben_2:ausgabeVorratsbehaelter = PRN_PB_1
produktausgaben_2:ausgabemedium = SORT_1
produktausgaben_2:ausgabestatus = 0
produktausgaben_2:charge = 
produktausgaben_2:einbaupositionBaugruppe = 1
produktausgaben_2:materialcode = 0
produktausgaben_2:verwendung = 1
produktausgaben_2:zeitpunkt = 
produktausgaben_2:transaktionsnummer = 18
produktausgaben_2:abschnittsnummerPapier = #neu#
produktausgaben_2:medienkennungStart = 
produktausgaben_2:seriennummerPapier = 
produktausgaben_2:medienkennung = 
produktausgaben_2:ticketNummer = 17
produktausgaben_2:abschnittsnummerPapierStart = 
------------------------------------------
produktausgaben_3:alarm = 0
produktausgaben_3:ausgabeBaugruppe = DEV_PRN_1
produktausgaben_3:ausgabeMediumTyp = PAPIER
produktausgaben_3:ausgabeVorratsbehaelter = PRN_PB_1
produktausgaben_3:ausgabemedium = SORT_1
produktausgaben_3:ausgabestatus = 0
produktausgaben_3:charge = 
produktausgaben_3:einbaupositionBaugruppe = 1
produktausgaben_3:materialcode = 0
produktausgaben_3:ticketNummer = 18
produktausgaben_3:transaktionsnummer = 19
produktausgaben_3:verwendung = 1
produktausgaben_3:zeitpunkt = 
produktausgaben_3:abschnittsnummerPapier = #neu#
produktausgaben_3:medienkennungStart = 
produktausgaben_3:seriennummerPapier = 
produktausgaben_3:medienkennung = 
produktausgaben_3:abschnittsnummerPapierStart = 
------------------------------------------
geldlogistik_1:abrechnung = 1
geldlogistik_1:einschubNr = 1
geldlogistik_1:geldlogistiker = 0
geldlogistik_1:geldspeicherId = 47211168
geldlogistik_1:geldspeichertyp = WGR
geldlogistik_1:vorgangstyp = INFORMATION
geldlogistik_1:zeitpunkt = 2024-09-03T11:47:52+02:00
geldlogistik_1:geldbetrag = 0#EUR
------------------------------------------
geldlogistik_1.bestandSorte_1:anzahl = 0
geldlogistik_1.bestandSorte_1:nennwert = EUR#20
------------------------------------------
geldlogistik_2:abrechnung = 1
geldlogistik_2:einschubNr = 2
geldlogistik_2:geldlogistiker = 0
geldlogistik_2:geldspeicherId = 44211138
geldlogistik_2:geldspeichertyp = WGR
geldlogistik_2:vorgangstyp = INFORMATION
geldlogistik_2:zeitpunkt = 
geldlogistik_2:geldbetrag = 0#EUR
------------------------------------------
geldlogistik_2.bestandSorte_1:anzahl = 0
geldlogistik_2.bestandSorte_1:nennwert = EUR#5
------------------------------------------
geldlogistik_3:abrechnung = 1
geldlogistik_3:einschubNr = 3
geldlogistik_3:geldlogistiker = 0
geldlogistik_3:geldspeicherId = 42211167
geldlogistik_3:geldspeichertyp = WGR
geldlogistik_3:vorgangstyp = INFORMATION
geldlogistik_3:zeitpunkt = 
geldlogistik_3:geldbetrag = 0#EUR
------------------------------------------
geldlogistik_3.bestandSorte_1:anzahl = 0
geldlogistik_3.bestandSorte_1:nennwert = EUR#50
------------------------------------------
geldlogistik_4:abrechnung = 1
geldlogistik_4:einschubNr = 4
geldlogistik_4:geldlogistiker = 0
geldlogistik_4:geldspeicherId = 43211148
geldlogistik_4:geldspeichertyp = WGR
geldlogistik_4:vorgangstyp = INFORMATION
geldlogistik_4:zeitpunkt = 
geldlogistik_4:geldbetrag = 0#EUR
------------------------------------------
geldlogistik_4.bestandSorte_1:anzahl = 0
geldlogistik_4.bestandSorte_1:nennwert = EUR#10
------------------------------------------
geldlogistik_5:abrechnung = 1
geldlogistik_5:einschubNr = 5
geldlogistik_5:geldlogistiker = 0
geldlogistik_5:geldspeicherId = 40211179
geldlogistik_5:geldspeichertyp = WGR
geldlogistik_5:vorgangstyp = INFORMATION
geldlogistik_5:zeitpunkt = 
geldlogistik_5:geldbetrag = 0#EUR
------------------------------------------
geldlogistik_5.bestandSorte_1:anzahl = 0
geldlogistik_5.bestandSorte_1:nennwert = EUR#200
------------------------------------------
geldlogistik_6:abrechnung = 1
geldlogistik_6:einschubNr = 6
geldlogistik_6:geldlogistiker = 0
geldlogistik_6:geldspeicherId = 41211176
geldlogistik_6:geldspeichertyp = WGR
geldlogistik_6:vorgangstyp = INFORMATION
geldlogistik_6:zeitpunkt = 
geldlogistik_6:geldbetrag = 0#EUR
------------------------------------------
geldlogistik_6.bestandSorte_1:anzahl = 0
geldlogistik_6.bestandSorte_1:nennwert = EUR#100
------------------------------------------
geldlogistik_7:abrechnung = 1
geldlogistik_7:einschubNr = 1
geldlogistik_7:geldlogistiker = 0
geldlogistik_7:geldspeicherId = 33201609
geldlogistik_7:geldspeichertyp = ZGS
geldlogistik_7:vorgangstyp = INFORMATION
geldlogistik_7:zeitpunkt = 
geldlogistik_7:geldbetrag = 14000#EUR
------------------------------------------
geldlogistik_7.bestandSorte_1:anzahl = 1400
geldlogistik_7.bestandSorte_1:nennwert = EUR#10
------------------------------------------
geldlogistik_8:abrechnung = 1
geldlogistik_8:einschubNr = 2
geldlogistik_8:geldlogistiker = 0
geldlogistik_8:geldspeicherId = 34204823
geldlogistik_8:geldspeichertyp = ZGS
geldlogistik_8:vorgangstyp = INFORMATION
geldlogistik_8:zeitpunkt = 
geldlogistik_8:geldbetrag = 20000#EUR
------------------------------------------
geldlogistik_8.bestandSorte_1:anzahl = 100
geldlogistik_8.bestandSorte_1:nennwert = EUR#200
------------------------------------------
geldlogistik_9:abrechnung = 1
geldlogistik_9:einschubNr = 3
geldlogistik_9:geldlogistiker = 0
geldlogistik_9:geldspeicherId = 31210510
geldlogistik_9:geldspeichertyp = ZGS
geldlogistik_9:vorgangstyp = INFORMATION
geldlogistik_9:zeitpunkt = 
geldlogistik_9:geldbetrag = 10000#EUR
------------------------------------------
geldlogistik_9.bestandSorte_1:anzahl = 100
geldlogistik_9.bestandSorte_1:nennwert = EUR#100
------------------------------------------
geldlogistik_10:abrechnung = 1
geldlogistik_10:einschubNr = 1
geldlogistik_10:geldlogistiker = 0
geldlogistik_10:geldspeicherId = 80211507
geldlogistik_10:geldspeichertyp = MEK
geldlogistik_10:vorgangstyp = INFORMATION
geldlogistik_10:zeitpunkt = 
geldlogistik_10:geldbetrag = 0#EUR
------------------------------------------
geldlogistik_11:abrechnung = 1
geldlogistik_11:einschubNr = 1
geldlogistik_11:geldlogistiker = 0
geldlogistik_11:geldspeicherId = 676000331
geldlogistik_11:geldspeichertyp = BEK
geldlogistik_11:vorgangstyp = INFORMATION
geldlogistik_11:zeitpunkt = 
geldlogistik_11:geldbetrag = 0#EUR
------------------------------------------
geldlogistik_12:abrechnung = 1
geldlogistik_12:einschubNr = 0
geldlogistik_12:geldlogistiker = 0
geldlogistik_12:geldspeicherId = 99
geldlogistik_12:geldspeichertyp = BEK
geldlogistik_12:vorgangstyp = INFORMATION
geldlogistik_12:zeitpunkt = 
geldlogistik_12:geldbetrag = 0#EUR
------------------------------------------
geldlogistik_13:abrechnung = 2
geldlogistik_13:einschubNr = 1
geldlogistik_13:geldlogistiker = 0
geldlogistik_13:geldspeicherId = 47211168
geldlogistik_13:geldspeichertyp = WGR
geldlogistik_13:vorgangstyp = INFORMATION
geldlogistik_13:zeitpunkt = 
geldlogistik_13:geldbetrag = 0#EUR
------------------------------------------
geldlogistik_13.bestandSorte_1:anzahl = 0
geldlogistik_13.bestandSorte_1:nennwert = EUR#20
------------------------------------------
geldlogistik_14:abrechnung = 2
geldlogistik_14:einschubNr = 2
geldlogistik_14:geldlogistiker = 0
geldlogistik_14:geldspeicherId = 44211138
geldlogistik_14:geldspeichertyp = WGR
geldlogistik_14:vorgangstyp = INFORMATION
geldlogistik_14:zeitpunkt = 
geldlogistik_14:geldbetrag = 0#EUR
------------------------------------------
geldlogistik_14.bestandSorte_1:anzahl = 0
geldlogistik_14.bestandSorte_1:nennwert = EUR#5
------------------------------------------
geldlogistik_15:abrechnung = 2
geldlogistik_15:einschubNr = 3
geldlogistik_15:geldlogistiker = 0
geldlogistik_15:geldspeicherId = 42211167
geldlogistik_15:geldspeichertyp = WGR
geldlogistik_15:vorgangstyp = INFORMATION
geldlogistik_15:zeitpunkt = 
geldlogistik_15:geldbetrag = 0#EUR
------------------------------------------
geldlogistik_15.bestandSorte_1:anzahl = 0
geldlogistik_15.bestandSorte_1:nennwert = EUR#50
------------------------------------------
geldlogistik_16:abrechnung = 2
geldlogistik_16:einschubNr = 4
geldlogistik_16:geldlogistiker = 0
geldlogistik_16:geldspeicherId = 43211148
geldlogistik_16:geldspeichertyp = WGR
geldlogistik_16:vorgangstyp = INFORMATION
geldlogistik_16:zeitpunkt = 
geldlogistik_16:geldbetrag = 0#EUR
------------------------------------------
geldlogistik_16.bestandSorte_1:anzahl = 0
geldlogistik_16.bestandSorte_1:nennwert = EUR#10
------------------------------------------
geldlogistik_17:abrechnung = 2
geldlogistik_17:einschubNr = 5
geldlogistik_17:geldlogistiker = 0
geldlogistik_17:geldspeicherId = 40211179
geldlogistik_17:geldspeichertyp = WGR
geldlogistik_17:vorgangstyp = INFORMATION
geldlogistik_17:zeitpunkt = 
geldlogistik_17:geldbetrag = 0#EUR
------------------------------------------
geldlogistik_17.bestandSorte_1:anzahl = 0
geldlogistik_17.bestandSorte_1:nennwert = EUR#200
------------------------------------------
geldlogistik_18:abrechnung = 2
geldlogistik_18:einschubNr = 6
geldlogistik_18:geldlogistiker = 0
geldlogistik_18:geldspeicherId = 41211176
geldlogistik_18:geldspeichertyp = WGR
geldlogistik_18:vorgangstyp = INFORMATION
geldlogistik_18:zeitpunkt = 
geldlogistik_18:geldbetrag = 0#EUR
------------------------------------------
geldlogistik_18.bestandSorte_1:anzahl = 0
geldlogistik_18.bestandSorte_1:nennwert = EUR#100
------------------------------------------
geldlogistik_19:abrechnung = 2
geldlogistik_19:einschubNr = 1
geldlogistik_19:geldlogistiker = 0
geldlogistik_19:geldspeicherId = 33201609
geldlogistik_19:geldspeichertyp = ZGS
geldlogistik_19:vorgangstyp = INFORMATION
geldlogistik_19:zeitpunkt = 
geldlogistik_19:geldbetrag = 14000#EUR
------------------------------------------
geldlogistik_19.bestandSorte_1:anzahl = 1400
geldlogistik_19.bestandSorte_1:nennwert = EUR#10
------------------------------------------
geldlogistik_20:abrechnung = 2
geldlogistik_20:einschubNr = 2
geldlogistik_20:geldlogistiker = 0
geldlogistik_20:geldspeicherId = 34204823
geldlogistik_20:geldspeichertyp = ZGS
geldlogistik_20:vorgangstyp = INFORMATION
geldlogistik_20:zeitpunkt = 
geldlogistik_20:geldbetrag = 20000#EUR
------------------------------------------
geldlogistik_20.bestandSorte_1:anzahl = 100
geldlogistik_20.bestandSorte_1:nennwert = EUR#200
------------------------------------------
geldlogistik_21:abrechnung = 2
geldlogistik_21:einschubNr = 3
geldlogistik_21:geldlogistiker = 0
geldlogistik_21:geldspeicherId = 31210510
geldlogistik_21:geldspeichertyp = ZGS
geldlogistik_21:vorgangstyp = INFORMATION
geldlogistik_21:zeitpunkt = 
geldlogistik_21:geldbetrag = 10000#EUR
------------------------------------------
geldlogistik_21.bestandSorte_1:anzahl = 100
geldlogistik_21.bestandSorte_1:nennwert = EUR#100
------------------------------------------
geldlogistik_22:abrechnung = 2
geldlogistik_22:einschubNr = 1
geldlogistik_22:geldlogistiker = 0
geldlogistik_22:geldspeicherId = 80211507
geldlogistik_22:geldspeichertyp = MEK
geldlogistik_22:vorgangstyp = INFORMATION
geldlogistik_22:zeitpunkt = 
geldlogistik_22:geldbetrag = 0#EUR
------------------------------------------
geldlogistik_23:abrechnung = 2
geldlogistik_23:einschubNr = 1
geldlogistik_23:geldlogistiker = 0
geldlogistik_23:geldspeicherId = 676000331
geldlogistik_23:geldspeichertyp = BEK
geldlogistik_23:vorgangstyp = INFORMATION
geldlogistik_23:zeitpunkt = 
geldlogistik_23:geldbetrag = 0#EUR
------------------------------------------
geldlogistik_24:abrechnung = 2
geldlogistik_24:einschubNr = 0
geldlogistik_24:geldlogistiker = 0
geldlogistik_24:geldspeicherId = 99
geldlogistik_24:geldspeichertyp = BEK
geldlogistik_24:vorgangstyp = INFORMATION
geldlogistik_24:zeitpunkt = 
geldlogistik_24:geldbetrag = 0#EUR
------------------------------------------
abrechnung_1:abrechnungBeginn = 
abrechnung_1:abrechnungEnde = 
abrechnung_1:anzahlStatistiken = 0
------------------------------------------
abrechnung_1.summeWaehrung_1:summeWGRStart = 0#EUR
abrechnung_1.summeWaehrung_1:summeZGSStart = 44000#EUR
abrechnung_1.summeWaehrung_1:summeMEKStart = 0#EUR
abrechnung_1.summeWaehrung_1:summeBEKStart = 0#EUR
abrechnung_1.summeWaehrung_1:summeWGRZugefuehrt = 0#EUR
abrechnung_1.summeWaehrung_1:summeZGSZugefuehrt = 0#EUR
abrechnung_1.summeWaehrung_1:summeWGRAbgefuehrt = 0#EUR
abrechnung_1.summeWaehrung_1:summeZGSAbgefuehrt = 0#EUR
abrechnung_1.summeWaehrung_1:summeMEKAbgefuehrt = 0#EUR
abrechnung_1.summeWaehrung_1:summeBEKAbgefuehrt = 0#EUR
abrechnung_1.summeWaehrung_1:summeWGR = 0#EUR
abrechnung_1.summeWaehrung_1:summÿ GS ?? 00#EUR = null
abrechnung_1.summeWaehrung_1:summeMEK = 0#EUR
abrechnung_1.summeWaehrung_1:summeBEK = 0#EUR
------------------------------------------
abrechnung_1.summeWaehrung_1.detailsZahlungsart_1:anzahlGeldbehaelterwechsel = 0
abrechnung_1.summeWaehrung_1.detailsZahlungsart_1:anzahlkassenschnitt = 0
abrechnung_1.summeWaehrung_1.detailsZahlungsart_1:zahlungsart = 0
abrechnung_1.summeWaehrung_1.detailsZahlungsart_1:summeEinzahlungsbetrag = 0#EUR
abrechnung_1.summeWaehrung_1.detailsZahlungsart_1:summeUeberzahlungsbetrag = 0#EUR
abrechnung_1.summeWaehrung_1.detailsZahlungsart_1:summeRueckerstattungsbetrag = 0#EUR
abrechnung_1.summeWaehrung_1.detailsZahlungsart_1:summeStoerbetrag = 0#EUR
------------------------------------------
abrechnung_1.summeWaehrung_1.detailsZahlungsart_2:anzahlGeldbehaelterwechsel = 0
abrechnung_1.summeWaehrung_1.detailsZahlungsart_2:anzahlkassenschnitt = 0
abrechnung_1.summeWaehrung_1.detailsZahlungsart_2:zahlungsart = 1
abrechnung_1.summeWaehrung_1.detailsZahlungsart_2:summeEinzahlungsbetrag = 0#EUR
abrechnung_1.summeWaehrung_1.detailsZahlungsart_2:summeUeberzahlungsbetrag = 0#EUR
abrechnung_1.summeWaehrung_1.detailsZahlungsart_2:summeRueckerstattungsbetrag = 0#EUR
abrechnung_1.summeWaehrung_1.detailsZahlungsart_2:summeStoerbetrag = 0#EUR
------------------------------------------
abrechnung_1.summeWaehrung_1.detailsZahlungsart_3:anzahlGeldbehaelterwechsel = 1
abrechnung_1.summeWaehrung_1.detailsZahlungsart_3:anzahlkassenschnitt = 1
abrechnung_1.summeWaehrung_1.detailsZahlungsart_3:zahlungsart = 2
abrechnung_1.summeWaehrung_1.detailsZahlungsart_3:summeEinzahlungsbetrag = 650#EUR
abrechnung_1.summeWaehrung_1.detailsZahlungsart_3:summeUeberzahlungsbetrag = 0#EUR
abrechnung_1.summeWaehrung_1.detailsZahlungsart_3:summeRueckerstattungsbetrag = 0#EUR
abrechnung_1.summeWaehrung_1.detailsZahlungsart_3:summeStoerbetrag = 0#EUR
------------------------------------------
abrechnung_1.summeWaehrung_1.detailsZahlungsart_4:anzahlGeldbehaelterwechsel = 0
abrechnung_1.summeWaehrung_1.detailsZahlungsart_4:anzahlkassenschnitt = 0
abrechnung_1.summeWaehrung_1.detailsZahlungsart_4:zahlungsart = 3
abrechnung_1.summeWaehrung_1.detailsZahlungsart_4:summeEinzahlungsbetrag = 0#EUR
abrechnung_1.summeWaehrung_1.detailsZahlungsart_4:summeUeberzahlungsbetrag = 0#EUR
abrechnung_1.summeWaehrung_1.detailsZahlungsart_4:summeRueckerstattungsbetrag = 0#EUR
abrechnung_1.summeWaehrung_1.detailsZahlungsart_4:summeStoerbetrag = 0#EUR
------------------------------------------
verkaufsstatistik_1:erstellungszeitpunkt = 
------------------------------------------
verkaufsstatistik_1.produktdetails_1:anzahlProdukte = 1
verkaufsstatistik_1.produktdetails_1:artikelnummer = 9292
verkaufsstatistik_1.produktdetails_1:kundengruppe = 0
verkaufsstatistik_1.produktdetails_1:medium = PAPIER
verkaufsstatistik_1.produktdetails_1:preisstufe = 34467
verkaufsstatistik_1.produktdetails_1:produktkennung = IDP_GVH_1
verkaufsstatistik_1.produktdetails_1:tarif = 3
verkaufsstatistik_1.produktdetails_1:tarifbezeichnung = - - -|Tarif_3
verkaufsstatistik_1.produktdetails_1:tickettyp = 0
verkaufsstatistik_1.produktdetails_1:verkaufsart = PT_VERKAUF
verkaufsstatistik_1.produktdetails_1:zahlungsart = 2
verkaufsstatistik_1.produktdetails_1:einzelPfand = 0#EUR
verkaufsstatistik_1.produktdetails_1:einzelpreis = 340#EUR
verkaufsstatistik_1.produktdetails_1:pfandTotal = 0#EUR
verkaufsstatistik_1.produktdetails_1:preisTotal = 340#EUR
verkaufsstatistik_1.produktdetails_1:ladebetragTotal = 0#EUR
------------------------------------------
verkaufsstatistik_1.produktdetails_2:anzahlProdukte = 1
verkaufsstatistik_1.produktdetails_2:artikelnummer = 9297
verkaufsstatistik_1.produktdetails_2:kundengruppe = 0
verkaufsstatistik_1.produktdetails_2:medium = PAPIER
verkaufsstatistik_1.produktdetails_2:preisstufe = 34477
verkaufsstatistik_1.produktdetails_2:produktkennung = IDP_GVH_2
verkaufsstatistik_1.produktdetails_2:tarif = 3
verkaufsstatistik_1.produktdetails_2:tarifbezeichnung = - - -|Tarif_3
verkaufsstatistik_1.produktdetails_2:tickettyp = 0
verkaufsstatistik_1.produktdetails_2:verkaufsart = PT_VERKAUF
verkaufsstatistik_1.produktdetails_2:zahlungsart = 2
verkaufsstatistik_1.produktdetails_2:einzelPfand = 0#EUR
verkaufsstatistik_1.produktdetails_2:einzelpreis = 130#EUR
verkaufsstatistik_1.produktdetails_2:pfandTotal = 0#EUR
verkaufsstatistik_1.produktdetails_2:preisTotal = 130#EUR
verkaufsstatistik_1.produktdetails_2:ladebetragTotal = 0#EUR
------------------------------------------
verkaufsstatistik_1.produktdetails_3:anzahlProdukte = 1
verkaufsstatistik_1.produktdetails_3:artikelnummer = 11266
verkaufsstatistik_1.produktdetails_3:kundengruppe = 0
verkaufsstatistik_1.produktdetails_3:medium = PAPIER
verkaufsstatistik_1.produktdetails_3:preisstufe = 34473
verkaufsstatistik_1.produktdetails_3:produktkennung = IDP_GVH_17
verkaufsstatistik_1.produktdetails_3:tarif = 3
verkaufsstatistik_1.produktdetails_3:tarifbezeichnung = - - -|Tarif_3
verkaufsstatistik_1.produktdetails_3:tickettyp = 0
verkaufsstatistik_1.produktdetails_3:verkaufsart = PT_VERKAUF
verkaufsstatistik_1.produktdetails_3:zahlungsart = 2
verkaufsstatistik_1.produktdetails_3:einzelPfand = 0#EUR
verkaufsstatistik_1.produktdetails_3:einzelpreis = 180#EUR
verkaufsstatistik_1.produktdetails_3:pfandTotal = 0#EUR
verkaufsstatistik_1.produktdetails_3:preisTotal = 180#EUR
verkaufsstatistik_1.produktdetails_3:ladebetragTotal = 0#EUR
------------------------------------------
GLOBAL:PROJEKTNAME = RANOREX
GLOBAL:DATABASE = C:\_Daten\HGS_Meldungen\MELDUNGEN/CONFIG\RANOREX\database.ini
GLOBAL:AUTOMAT = 999000
GLOBAL:URLHGS = https://uestra.dev.ti-ica.de/dplus/services/automatenService/3_10/?wsdl
GLOBAL:VERSION = 3.10
GLOBAL:TRANSFERFILE = C:\_Daten\HGS_Meldungen\MELDUNGEN/CONFIG/TRANSFER/transfer_RANOREX.ini
------------------------------------------

###############################################

###############################################
Message:
###############################################
<s:Envelope xmlns:s="http://schemas.xmlsoap.org/soap/envelope/">
    <s:Body xmlns:xsd="http://www.w3.org/2001/XMLSchema" xmlns:xsi="http://www.w3.org/2001/XMLSchema-instance">
        <empfangeSchichtreport xmlns="http://tms.ica.de/automatenService/wsdl/3_10/">
            <faaSchichtreport xmlns="http://tms.ica.de/automatenService/3_10/" sstVersion="3.10">
                <verkaufspunkt posNummer="999000" betreiber="99" seriennummer="999000" ipAdresse="0.0.0.0"/>
                <versionKey>-1</versionKey>
                <abrechnungsnummer>10121</abrechnungsnummer>
                <verkaeufer>automat</verkaeufer>
                <servicetechniker>0</servicetechniker>
                <verkaeufe zeitpunkt="2024-09-12T15:41:57.116+02:00" transaktionsnummer="18" verkaufsart="PT_VERKAUF" verkaufHaltestelle="25701731" verkaufZone="4000000110" startZone="4000000110" zielZone="0" viaZone="0" wegVariante="0" startGemeinde="0" zielGemeinde="0" verkehr="1" linie="0" linieVariante="0" richtung="1" ticketNummer="16" beginnGueltigkeit="2024-09-12T15:41:57.113+02:00" endeGueltigkeit="2024-09-12T15:41:57.115+02:00" anzahlPerson="1" sprache="0" produktkennung="IDP_GVH_1" produktbezeichnung="Einzelkarte" artikelnummer="9292" tarif="3" tarifBezeichnung="- - -|Tarif_3" medium="PAPIER" mediumID="0" preisstufe="100003" subvention="0" tarifstufe="" mwstSatz="0" gattung="16961" kundengruppe="0" preisstufenText="C" produktkennungExtern="" relationsnummer="" status="0" startHaltestelle="25701731" zielHaltestelle="0" zusatzInformationen="" fahrzeugKennung="">
                    <pfand betrag="0" waehrung="EUR"/>
                    <preis betrag="340" waehrung="EUR"/>
                    <metadaten sequenznummer="14652" guid="2fc64e68-3963-4b68-b93f-426607f613e3"/>
                </verkaeufe>
                <verkaeufe zeitpunkt="2024-09-12T15:41:57.402+02:00" transaktionsnummer="18" verkaufsart="PT_VERKAUF" verkaufHaltestelle="25701731" verkaufZone="4000000110" startZone="4000000110" zielZone="0" viaZone="0" wegVariante="0" startGemeinde="0" zielGemeinde="0" verkehr="1" linie="0" linieVariante="0" richtung="1" ticketNummer="17" beginnGueltigkeit="2024-09-12T15:41:57.402+02:00" endeGueltigkeit="2024-09-12T15:41:57.402+02:00" anzahlPerson="1" sprache="0" produktkennung="IDP_GVH_2" produktbezeichnung="Einzelkarte Kind" artikelnummer="9297" tarif="3" tarifBezeichnung="- - -|Tarif_3" medium="PAPIER" mediumID="0" preisstufe="100013" subvention="0" tarifstufe="" mwstSatz="0" gattung="16962" kundengruppe="0" preisstufenText="ABC" produktkennungExtern="ABC" relationsnummer="" status="0" startHaltestelle="25701731" zielHaltestelle="0" zusatzInformationen="" fahrzeugKennung="">
                    <pfand betrag="0" waehrung="EUR"/>
                    <preis betrag="130" waehrung="EUR"/>
                    <metadaten sequenznummer="14653" guid="3194f4a0-7751-427d-83e4-69e7eb5bc030"/>
                </verkaeufe>
                <verkaeufe zeitpunkt="2024-09-12T15:41:57.406+02:00" transaktionsnummer="19" verkaufsart="PT_VERKAUF" verkaufHaltestelle="25701731" verkaufZone="4000000110" startZone="4000000110" zielZone="0" viaZone="0" wegVariante="0" startGemeinde="0" zielGemeinde="0" verkehr="1" linie="0" linieVariante="0" richtung="1" ticketNummer="18" beginnGueltigkeit="2024-09-12T15:41:57.405+02:00" endeGueltigkeit="2024-09-12T15:41:57.406+02:00" anzahlPerson="1" sprache="0" produktkennung="IDP_GVH_17" produktbezeichnung="Kurzstreckenkarte" artikelnummer="11266" tarif="3" tarifBezeichnung="- - -|Tarif_3" medium="PAPIER" mediumID="0" preisstufe="100009" subvention="0" tarifstufe="" mwstSatz="0" gattung="16977" kundengruppe="0" preisstufenText="K" produktkennungExtern="" relationsnummer="" status="0" startHaltestelle="25701731" zielHaltestelle="0" zusatzInformationen="" fahrzeugKennung="">
                    <pfand betrag="0" waehrung="EUR"/>
                    <preis betrag="180" waehrung="EUR"/>
                    <metadaten sequenznummer="14654" guid="609a07d0-6a6f-4eef-844a-7b39bf740466"/>
                </verkaeufe>
                <quittungen zeitpunkt="2024-09-12T15:41:57.409+02:00" transaktionsnummer="18" anzahltransaktionen="2" zahlungsart="2" muenzenNotenEingegeben="" muenzenNotenZurueckgegeben="" haendlerkartennr="" geldkartenNr="" geldkartenBseq="" geldkarteSseq="" geldkarteHseq="" terminalIdGiroCard="75011402" transaktionsnummerGiroCard="3372" kartennummergirocard="######3051" terminalIdKreditkarte="75011402" transaktionsnummerKreditkarte="0" kartennummerKreditkarte="" gueltigkeitKreditkarte="6D1811EF" statusStorno="0" statusTransaktion="0">
                    <pfandTotal betrag="0" waehrung="EUR"/>
                    <preisTotal betrag="470" waehrung="EUR"/>
                    <einzahlungsbetrag betrag="470" waehrung="EUR"/>
                    <ueberzahlungsbetrag betrag="0" waehrung="EUR"/>
                    <rueckerstattungsbetragSoll betrag="0" waehrung="EUR"/>
                    <rueckerstattungsbetragIst betrag="0" waehrung="EUR"/>
                    <stoerbetrag betrag="0" waehrung="EUR"/>
                    <metadaten sequenznummer="14655" guid="0722ccf5-2a68-4179-9bd2-2f335a65fa6e"/>
                </quittungen>
                <quittungen zeitpunkt="2024-09-12T15:41:57.410+02:00" transaktionsnummer="19" anzahltransaktionen="1" zahlungsart="2" muenzenNotenEingegeben="" muenzenNotenZurueckgegeben="" haendlerkartennr="" geldkartenNr="" geldkartenBseq="" geldkarteSseq="" geldkarteHseq="" terminalIdGiroCard="75011402" transaktionsnummerGiroCard="3374" kartennummergirocard="######3051" terminalIdKreditkarte="75011402" transaktionsnummerKreditkarte="0" kartennummerKreditkarte="" gueltigkeitKreditkarte="6D1811EF" statusStorno="0" statusTransaktion="0">
                    <pfandTotal betrag="0" waehrung="EUR"/>
                    <preisTotal betrag="180" waehrung="EUR"/>
                    <einzahlungsbetrag betrag="180" waehrung="EUR"/>
                    <ueberzahlungsbetrag betrag="0" waehrung="EUR"/>
                    <rueckerstattungsbetragSoll betrag="0" waehrung="EUR"/>
                    <rueckerstattungsbetragIst betrag="0" waehrung="EUR"/>
                    <stoerbetrag betrag="0" waehrung="EUR"/>
                    <metadaten sequenznummer="14656" guid="5af7d757-f0cf-48bb-b2dd-2718f1a1bc77"/>
                </quittungen>
                <produktausgaben zeitpunkt="2024-09-12T15:41:57.420+02:00" ausgabemedium="SORT_1" seriennummerPapier="100011" abschnittsnummerPapier="0005294" verwendung="1" transaktionsnummer="18" ticketNummer="16" ausgabestatus="0" ausgabeMediumTyp="PAPIER" charge="" materialcode="0" medienkennung="01000110005294" ausgabeBaugruppe="DEV_PRN_1" einbaupositionBaugruppe="1" ausgabeVorratsbehaelter="PRN_PB_1" alarm="0" medienkennungStart="01000110005294" abschnittsnummerPapierStart="0005294">
                    <metadaten sequenznummer="14657" guid="f6b0d8f9-6c51-4424-b794-5e492fc4fbdb"/>
                </produktausgaben>
                <produktausgaben zeitpunkt="2024-09-12T15:41:57.424+02:00" ausgabemedium="SORT_1" seriennummerPapier="100011" abschnittsnummerPapier="0005295" verwendung="1" transaktionsnummer="18" ticketNummer="17" ausgabestatus="0" ausgabeMediumTyp="PAPIER" charge="" materialcode="0" medienkennung="01000110005295" ausgabeBaugruppe="DEV_PRN_1" einbaupositionBaugruppe="1" ausgabeVorratsbehaelter="PRN_PB_1" alarm="0" medienkennungStart="01000110005295" abschnittsnummerPapierStart="0005295">
                    <metadaten sequenznummer="14658" guid="640fd106-2572-44cb-a585-dc3c67b35cf8"/>
                </produktausgaben>
                <produktausgaben zeitpunkt="2024-09-12T15:41:57.429+02:00" ausgabemedium="SORT_1" seriennummerPapier="100011" abschnittsnummerPapier="0005296" verwendung="1" transaktionsnummer="19" ticketNummer="18" ausgabestatus="0" ausgabeMediumTyp="PAPIER" charge="" materialcode="0" medienkennung="01000110005296" ausgabeBaugruppe="DEV_PRN_1" einbaupositionBaugruppe="1" ausgabeVorratsbehaelter="PRN_PB_1" alarm="0" medienkennungStart="01000110005296" abschnittsnummerPapierStart="0005296">
                    <metadaten sequenznummer="14659" guid="bbd18c06-1a4c-410d-97d5-e1c26d928ec4"/>
                </produktausgaben>
                <geldlogistik vorgangstyp="INFORMATION" zeitpunkt="2024-09-03T11:47:52.000+02:00" geldlogistiker="0" geldspeichertyp="WGR" einschubNr="1" geldspeicherId="47211168" abrechnung="1">
                    <geldbetrag betrag="0" waehrung="EUR"/>
                    <bestandSorte anzahl="0">
                        <nennwert waehrung="EUR" wertigkeit="20"/>
                    </bestandSorte>
                    <metadaten sequenznummer="14660" guid="8dbb2c6b-c13f-4c1c-9538-207f97658a02"/>
                </geldlogistik>
                <geldlogistik vorgangstyp="INFORMATION" zeitpunkt="2024-09-12T15:41:57.449+02:00" geldlogistiker="0" geldspeichertyp="MEK" einschubNr="1" geldspeicherId="80211507" abrechnung="1">
                    <geldbetrag betrag="0" waehrung="EUR"/>
                    <metadaten sequenznummer="14669" guid="34ce200c-675d-4305-8dae-92d3c0a1879f"/>
                </geldlogistik>
                <geldlogistik vorgangstyp="INFORMATION" zeitpunkt="2024-09-12T15:41:57.450+02:00" geldlogistiker="0" geldspeichertyp="BEK" einschubNr="1" geldspeicherId="676000331" abrechnung="1">
                    <geldbetrag betrag="0" waehrung="EUR"/>
                    <metadaten sequenznummer="14670" guid="0c9b239b-2bce-4f05-ab01-92fa4dc8a84d"/>
                </geldlogistik>
                <geldlogistik vorgangstyp="INFORMATION" zeitpunkt="2024-09-12T15:41:57.451+02:00" geldlogistiker="0" geldspeichertyp="BEK" einschubNr="0" geldspeicherId="99" abrechnung="1">
                    <geldbetrag betrag="0" waehrung="EUR"/>
                    <metadaten sequenznummer="14671" guid="01cbbaf6-3ad8-4dac-ab01-53ebb3e139f2"/>
                </geldlogistik>
                <geldlogistik vorgangstyp="INFORMATION" zeitpunkt="2024-09-12T15:41:57.452+02:00" geldlogistiker="0" geldspeichertyp="WGR" einschubNr="1" geldspeicherId="47211168" abrechnung="2">
                    <geldbetrag betrag="0" waehrung="EUR"/>
                    <bestandSorte anzahl="0">
                        <nennwert waehrung="EUR" wertigkeit="20"/>
                    </bestandSorte>
                    <metadaten sequenznummer="14672" guid="a03d7ee8-cec6-48a6-8c40-7281faaeb835"/>
                </geldlogistik>
                <geldlogistik vorgangstyp="INFORMATION" zeitpunkt="2024-09-12T15:41:57.454+02:00" geldlogistiker="0" geldspeichertyp="WGR" einschubNr="2" geldspeicherId="44211138" abrechnung="2">
                    <geldbetrag betrag="0" waehrung="EUR"/>
                    <bestandSorte anzahl="0">
                        <nennwert waehrung="EUR" wertigkeit="5"/>
                    </bestandSorte>
                    <metadaten sequenznummer="14673" guid="bd96c83e-fa76-4bd1-b3d9-47604b95e83c"/>
                </geldlogistik>
                <geldlogistik vorgangstyp="INFORMATION" zeitpunkt="2024-09-12T15:41:57.456+02:00" geldlogistiker="0" geldspeichertyp="WGR" einschubNr="3" geldspeicherId="42211167" abrechnung="2">
                    <geldbetrag betrag="0" waehrung="EUR"/>
                    <bestandSorte anzahl="0">
                        <nennwert waehrung="EUR" wertigkeit="50"/>
                    </bestandSorte>
                    <metadaten sequenznummer="14674" guid="542279e7-1a2b-4408-8dbb-7844da46318f"/>
                </geldlogistik>
                <geldlogistik vorgangstyp="INFORMATION" zeitpunkt="2024-09-12T15:41:57.457+02:00" geldlogistiker="0" geldspeichertyp="WGR" einschubNr="4" geldspeicherId="43211148" abrechnung="2">
                    <geldbetrag betrag="0" waehrung="EUR"/>
                    <bestandSorte anzahl="0">
                        <nennwert waehrung="EUR" wertigkeit="10"/>
                    </bestandSorte>
                    <metadaten sequenznummer="14675" guid="9c21182e-2d15-4a40-a31c-400462c2a788"/>
                </geldlogistik>
                <geldlogistik vorgangstyp="INFORMATION" zeitpunkt="2024-09-12T15:41:57.458+02:00" geldlogistiker="0" geldspeichertyp="WGR" einschubNr="5" geldspeicherId="40211179" abrechnung="2">
                    <geldbetrag betrag="0" waehrung="EUR"/>
                    <bestandSorte anzahl="0">
                        <nennwert waehrung="EUR" wertigkeit="200"/>
                    </bestandSorte>
                    <metadaten sequenznummer="14676" guid="f2092691-8a49-402c-8912-0a5bfe3c8bbf"/>
                </geldlogistik>
                <geldlogistik vorgangstyp="INFORMATION" zeitpunkt="2024-09-12T15:41:57.459+02:00" geldlogistiker="0" geldspeichertyp="WGR" einschubNr="6" geldspeicherId="41211176" abrechnung="2">
                    <geldbetrag betrag="0" waehrung="EUR"/>
                    <bestandSorte anzahl="0">
                        <nennwert waehrung="EUR" wertigkeit="100"/>
                    </bestandSorte>
                    <metadaten sequenznummer="14677" guid="cdf8a403-5bb9-493a-be16-b196188ae344"/>
                </geldlogistik>
                <geldlogistik vorgangstyp="INFORMATION" zeitpunkt="2024-09-12T15:41:57.462+02:00" geldlogistiker="0" geldspeichertyp="ZGS" einschubNr="1" geldspeicherId="33201609" abrechnung="2">
                    <geldbetrag betrag="14000" waehrung="EUR"/>
                    <bestandSorte anzahl="1400">
                        <nennwert waehrung="EUR" wertigkeit="10"/>
                    </bestandSorte>
                    <metadaten sequenznummer="14678" guid="035d85e5-3dcc-4328-bafe-7fcfb03b2442"/>
                </geldlogistik>
                <geldlogistik vorgangstyp="INFORMATION" zeitpunkt="2024-09-12T15:41:57.436+02:00" geldlogistiker="0" geldspeichertyp="WGR" einschubNr="2" geldspeicherId="44211138" abrechnung="1">
                    <geldbetrag betrag="0" waehrung="EUR"/>
                    <bestandSorte anzahl="0">
                        <nennwert waehrung="EUR" wertigkeit="5"/>
                    </bestandSorte>
                    <metadaten sequenznummer="14661" guid="b15c1ce1-b1aa-4874-8f20-cbc9bf5d9db5"/>
                </geldlogistik>
                <geldlogistik vorgangstyp="INFORMATION" zeitpunkt="2024-09-12T15:41:57.463+02:00" geldlogistiker="0" geldspeichertyp="ZGS" einschubNr="2" geldspeicherId="34204823" abrechnung="2">
                    <geldbetrag betrag="20000" waehrung="EUR"/>
                    <bestandSorte anzahl="100">
                        <nennwert waehrung="EUR" wertigkeit="200"/>
                    </bestandSorte>
                    <metadaten sequenznummer="14679" guid="556fece0-9c2a-4704-9b14-4ed7ebced52c"/>
                </geldlogistik>
                <geldlogistik vorgangstyp="INFORMATION" zeitpunkt="2024-09-12T15:41:57.465+02:00" geldlogistiker="0" geldspeichertyp="ZGS" einschubNr="3" geldspeicherId="31210510" abrechnung="2">
                    <geldbetrag betrag="10000" waehrung="EUR"/>
                    <bestandSorte anzahl="100">
                        <nennwert waehrung="EUR" wertigkeit="100"/>
                    </bestandSorte>
                    <metadaten sequenznummer="14680" guid="4da16437-212e-4023-b831-7dfa64e9c416"/>
                </geldlogistik>
                <geldlogistik vorgangstyp="INFORMATION" zeitpunkt="2024-09-12T15:41:57.467+02:00" geldlogistiker="0" geldspeichertyp="MEK" einschubNr="1" geldspeicherId="80211507" abrechnung="2">
                    <geldbetrag betrag="0" waehrung="EUR"/>
                    <metadaten sequenznummer="14681" guid="9f78e43f-6f6d-40e8-9034-5963ec744771"/>
                </geldlogistik>
                <geldlogistik vorgangstyp="INFORMATION" zeitpunkt="2024-09-12T15:41:57.468+02:00" geldlogistiker="0" geldspeichertyp="BEK" einschubNr="1" geldspeicherId="676000331" abrechnung="2">
                    <geldbetrag betrag="0" waehrung="EUR"/>
                    <metadaten sequenznummer="14682" guid="125c0844-bbbe-4a40-856d-75983969ae28"/>
                </geldlogistik>
                <geldlogistik vorgangstyp="INFORMATION" zeitpunkt="2024-09-12T15:41:57.469+02:00" geldlogistiker="0" geldspeichertyp="BEK" einschubNr="0" geldspeicherId="99" abrechnung="2">
                    <geldbetrag betrag="0" waehrung="EUR"/>
                    <metadaten sequenznummer="14683" guid="759c4613-f41b-482b-91a3-0cad9daea38d"/>
                </geldlogistik>
                <geldlogistik vorgangstyp="INFORMATION" zeitpunkt="2024-09-12T15:41:57.438+02:00" geldlogistiker="0" geldspeichertyp="WGR" einschubNr="3" geldspeicherId="42211167" abrechnung="1">
                    <geldbetrag betrag="0" waehrung="EUR"/>
                    <bestandSorte anzahl="0">
                        <nennwert waehrung="EUR" wertigkeit="50"/>
                    </bestandSorte>
                    <metadaten sequenznummer="14662" guid="8801dd64-5791-41d3-b12c-61a89409aa25"/>
                </geldlogistik>
                <geldlogistik vorgangstyp="INFORMATION" zeitpunkt="2024-09-12T15:41:57.439+02:00" geldlogistiker="0" geldspeichertyp="WGR" einschubNr="4" geldspeicherId="43211148" abrechnung="1">
                    <geldbetrag betrag="0" waehrung="EUR"/>
                    <bestandSorte anzahl="0">
                        <nennwert waehrung="EUR" wertigkeit="10"/>
                    </bestandSorte>
                    <metadaten sequenznummer="14663" guid="50718840-467f-480f-b272-7b3494582994"/>
                </geldlogistik>
                <geldlogistik vorgangstyp="INFORMATION" zeitpunkt="2024-09-12T15:41:57.440+02:00" geldlogistiker="0" geldspeichertyp="WGR" einschubNr="5" geldspeicherId="40211179" abrechnung="1">
                    <geldbetrag betrag="0" waehrung="EUR"/>
                    <bestandSorte anzahl="0">
                        <nennwert waehrung="EUR" wertigkeit="200"/>
                    </bestandSorte>
                    <metadaten sequenznummer="14664" guid="5a5139e3-2989-4375-ace4-541aec3d9d09"/>
                </geldlogistik>
                <geldlogistik vorgangstyp="INFORMATION" zeitpunkt="2024-09-12T15:41:57.442+02:00" geldlogistiker="0" geldspeichertyp="WGR" einschubNr="6" geldspeicherId="41211176" abrechnung="1">
                    <geldbetrag betrag="0" waehrung="EUR"/>
                    <bestandSorte anzahl="0">
                        <nennwert waehrung="EUR" wertigkeit="100"/>
                    </bestandSorte>
                    <metadaten sequenznummer="14665" guid="94639935-a1c3-4bb3-a4d9-4daed71b0c41"/>
                </geldlogistik>
                <geldlogistik vorgangstyp="INFORMATION" zeitpunkt="2024-09-12T15:41:57.443+02:00" geldlogistiker="0" geldspeichertyp="ZGS" einschubNr="1" geldspeicherId="33201609" abrechnung="1">
                    <geldbetrag betrag="14000" waehrung="EUR"/>
                    <bestandSorte anzahl="1400">
                        <nennwert waehrung="EUR" wertigkeit="10"/>
                    </bestandSorte>
                    <metadaten sequenznummer="14666" guid="ca63ba2e-c71d-44d6-bf4e-4201680ec096"/>
                </geldlogistik>
                <geldlogistik vorgangstyp="INFORMATION" zeitpunkt="2024-09-12T15:41:57.445+02:00" geldlogistiker="0" geldspeichertyp="ZGS" einschubNr="2" geldspeicherId="34204823" abrechnung="1">
                    <geldbetrag betrag="20000" waehrung="EUR"/>
                    <bestandSorte anzahl="100">
                        <nennwert waehrung="EUR" wertigkeit="200"/>
                    </bestandSorte>
                    <metadaten sequenznummer="14667" guid="33f1352b-12c5-42bf-894d-e660435207a9"/>
                </geldlogistik>
                <geldlogistik vorgangstyp="INFORMATION" zeitpunkt="2024-09-12T15:41:57.446+02:00" geldlogistiker="0" geldspeichertyp="ZGS" einschubNr="3" geldspeicherId="31210510" abrechnung="1">
                    <geldbetrag betrag="10000" waehrung="EUR"/>
                    <bestandSorte anzahl="100">
                        <nennwert waehrung="EUR" wertigkeit="100"/>
                    </bestandSorte>
                    <metadaten sequenznummer="14668" guid="ef7307e0-7d30-48d4-bb5f-93ac6aff8575"/>
                </geldlogistik>
                <abrechnung abrechnungBeginn="2024-09-12T15:41:57.471+02:00" abrechnungEnde="2024-09-12T15:41:57.471+02:00" anzahlStatistiken="0">
                    <summeWaehrung>
                        <summeWGRStart betrag="0" waehrung="EUR"/>
                        <summeZGSStart betrag="44000" waehrung="EUR"/>
                        <summeMEKStart betrag="0" waehrung="EUR"/>
                        <summeBEKStart betrag="0" waehrung="EUR"/>
                        <summeWGRZugefuehrt betrag="0" waehrung="EUR"/>
                        <summeZGSZugefuehrt betrag="0" waehrung="EUR"/>
                        <summeWGRAbgefuehrt betrag="0" waehrung="EUR"/>
                        <summeZGSAbgefuehrt betrag="0" waehrung="EUR"/>
                        <summeMEKAbgefuehrt betrag="0" waehrung="EUR"/>
                        <summeBEKAbgefuehrt betrag="0" waehrung="EUR"/>
                        <summeWGR betrag="0" waehrung="EUR"/>
                        <detailsZahlungsart zahlungsart="0" anzahlkassenschnitt="0" anzahlGeldbehaelterwechsel="0">
                            <summeEinzahlungsbetrag betrag="0" waehrung="EUR"/>
                            <summeUeberzahlungsbetrag betrag="0" waehrung="EUR"/>
                            <summeRueckerstattungsbetrag betrag="0" waehrung="EUR"/>
                            <summeStoerbetrag betrag="0" waehrung="EUR"/>
                        </detailsZahlungsart>
                        <detailsZahlungsart zahlungsart="1" anzahlkassenschnitt="0" anzahlGeldbehaelterwechsel="0">
                            <summeEinzahlungsbetrag betrag="0" waehrung="EUR"/>
                            <summeUeberzahlungsbetrag betrag="0" waehrung="EUR"/>
                            <summeRueckerstattungsbetrag betrag="0" waehrung="EUR"/>
                            <summeStoerbetrag betrag="0" waehrung="EUR"/>
                        </detailsZahlungsart>
                        <detailsZahlungsart zahlungsart="2" anzahlkassenschnitt="1" anzahlGeldbehaelterwechsel="1">
                            <summeEinzahlungsbetrag betrag="650" waehrung="EUR"/>
                            <summeUeberzahlungsbetrag betrag="0" waehrung="EUR"/>
                            <summeRueckerstattungsbetrag betrag="0" waehrung="EUR"/>
                            <summeStoerbetrag betrag="0" waehrung="EUR"/>
                        </detailsZahlungsart>
                        <detailsZahlungsart zahlungsart="3" anzahlkassenschnitt="0" anzahlGeldbehaelterwechsel="0">
                            <summeEinzahlungsbetrag betrag="0" waehrung="EUR"/>
                            <summeUeberzahlungsbetrag betrag="0" waehrung="EUR"/>
                            <summeRueckerstattungsbetrag betrag="0" waehrung="EUR"/>
                            <summeStoerbetrag betrag="0" waehrung="EUR"/>
                        </detailsZahlungsart>
                        <summeMEK betrag="0" waehrung="EUR"/>
                        <summeBEK betrag="0" waehrung="EUR"/>
                    </summeWaehrung>
                    <metadaten sequenznummer="14684" guid="113bb094-fc8f-418c-b899-08cd157d7c0c"/>
                </abrechnung>
                <verkaufsstatistik erstellungszeitpunkt="2024-09-12T15:41:57.475+02:00">
                    <produktdetails verkaufsart="PT_VERKAUF" produktkennung="IDP_GVH_1" artikelnummer="9292" tarif="3" tarifbezeichnung="- - -|Tarif_3" medium="PAPIER" preisstufe="34467" kundengruppe="0" zahlungsart="2" anzahlProdukte="1" tickettyp="0">
                        <einzelPfand betrag="0" waehrung="EUR"/>
                        <einzelpreis betrag="340" waehrung="EUR"/>
                        <pfandTotal betrag="0" waehrung="EUR"/>
                        <preisTotal betrag="340" waehrung="EUR"/>
                        <ladebetragTotal betrag="0" waehrung="EUR"/>
                        <metadaten sequenznummer="14685" guid="b87d0fb7-a4ce-4089-b8b4-0e146862845d"/>
                    </produktdetails>
                    <produktdetails verkaufsart="PT_VERKAUF" produktkennung="IDP_GVH_2" artikelnummer="9297" tarif="3" tarifbezeichnung="- - -|Tarif_3" medium="PAPIER" preisstufe="34477" kundengruppe="0" zahlungsart="2" anzahlProdukte="1" tickettyp="0">
                        <einzelPfand betrag="0" waehrung="EUR"/>
                        <einzelpreis betrag="130" waehrung="EUR"/>
                        <pfandTotal betrag="0" waehrung="EUR"/>
                        <preisTotal betrag="130" waehrung="EUR"/>
                        <ladebetragTotal betrag="0" waehrung="EUR"/>
                        <metadaten sequenznummer="14686" guid="3b8cc6ab-547c-4e8b-8837-3a80155ae462"/>
                    </produktdetails>
                    <produktdetails verkaufsart="PT_VERKAUF" produktkennung="IDP_GVH_17" artikelnummer="11266" tarif="3" tarifbezeichnung="- - -|Tarif_3" medium="PAPIER" preisstufe="34473" kundengruppe="0" zahlungsart="2" anzahlProdukte="1" tickettyp="0">
                        <einzelPfand betrag="0" waehrung="EUR"/>
                        <einzelpreis betrag="180" waehrung="EUR"/>
                        <pfandTotal betrag="0" waehrung="EUR"/>
                        <preisTotal betrag="180" waehrung="EUR"/>
                        <ladebetragTotal betrag="0" waehrung="EUR"/>
                        <metadaten sequenznummer="14687" guid="a821d8a6-38e3-4b86-aaa6-d35164710ad5"/>
                    </produktdetails>
                </verkaufsstatistik>
            </faaSchichtreport>
        </empfangeSchichtreport>
    </s:Body>
</s:Envelope>


###############################################
###############################################
Result:
###############################################
OK

###############################################
################################################################################

Finished: 2024-09-12 15:41:58

