################################################################################
#####   Generator -> Aktualisierungmeldung 
################################################################################
Started: 2024-08-06 11:23:29

###############################################
Arguments:
###############################################
 projektname                   : RANOREX
 TESTFALLNAME                  : in_Betrieb
 mainpath                      : C:\_Daten\Projekte\MELDUNGEN\
 MELDUNGSNAME                  : Aktualisierungmeldung
 testfallname                  : in_Betrieb
 meldungsname                  : Aktualisierungmeldung
 PROJEKTNAME                   : RANOREX
 MAINPATH                      : C:\_Daten\Projekte\MELDUNGEN\
###############################################


###############################################
Eingangsdaten:
###############################################

AktualisierungMeldung:sstVersion = 3.10
AktualisierungMeldung:versionKey = -1
AktualisierungMeldung:zeitpunkt = 
AktualisierungMeldung:aktualisierungstyp = STATUS
AktualisierungMeldung:status = 2
------------------------------------------
automatenStatus_1:betriebStatus = IN_BETRIEB
automatenStatus_1:letzteInteraktion = 
automatenStatus_1:letzterVerkauf = 
------------------------------------------
GLOBAL:PROJEKTNAME = RANOREX
GLOBAL:DATABASE = C:\_Daten\Projekte\MELDUNGEN\/CONFIG\RANOREX\database.ini
GLOBAL:AUTOMAT = 999000
GLOBAL:URLHGS = https://uestra.dev.ti-ica.de/dplus/services/automatenService/3_10/?wsdl
GLOBAL:VERSION = 3.10
------------------------------------------

###############################################

###############################################
Message:
###############################################
<s:Envelope xmlns:s="http://schemas.xmlsoap.org/soap/envelope/">
    <s:Body xmlns:xsd="http://www.w3.org/2001/XMLSchema" xmlns:xsi="http://www.w3.org/2001/XMLSchema-instance">
        <empfangeAktualisierungmeldung xmlns="http://tms.ica.de/automatenService/wsdl/3_10/">
            <faaAktualisierungmeldung xmlns="http://tms.ica.de/automatenService/3_10/" zeitpunkt="2024-08-06T11:23:30.018+02:00" aktualisierungstyp="STATUS" status="2" sstVersion="3.10">
                <verkaufspunkt posNummer="999000" betreiber="99" seriennummer="999000" ipAdresse="0.0.0.0"/>
                <metadaten sequenznummer="10001" guid="e50aa812-b859-4aef-b10f-8661d9031e98"/>
                <automatenStatus betriebStatus="IN_BETRIEB" letzteInteraktion="2024-08-06T11:23:30.029+02:00" letzterVerkauf="2024-08-06T11:23:30.029+02:00"/>
            </faaAktualisierungmeldung>
        </empfangeAktualisierungmeldung>
    </s:Body>
</s:Envelope>


###############################################
###############################################
Result:
###############################################
OK

###############################################
################################################################################

Finished: 2024-08-06 11:23:31

