################################################################################
#####   Generator -> Sequenznummernbericht 
################################################################################
Started: 2024-08-23 13:09:05

###############################################
Arguments:
###############################################
 projektname                   : RANOREX
 TESTFALLNAME                  : grosserSequenzenbericht
 mainpath                      : C:\_Daten\HGS_Meldungen\MELDUNGEN
 MELDUNGSNAME                  : Sequenznummernbericht
 testfallname                  : grosserSequenzenbericht
 meldungsname                  : Sequenznummernbericht
 PROJEKTNAME                   : RANOREX
 MAINPATH                      : C:\_Daten\HGS_Meldungen\MELDUNGEN
###############################################


###############################################
Eingangsdaten:
###############################################

TestData:anzahlsequenzen = 42
------------------------------------------
Vorgangsmeldungen:sstVersion = 3.10
Vorgangsmeldungen:versionKey = -1
Vorgangsmeldungen:ersteSequenz = 
Vorgangsmeldungen:letzteSequenz = 
------------------------------------------
vorgaenge_1:servicetechniker = 0
vorgaenge_1:zeitpunkt = 2024-08-21T17:27:29+02:00
vorgaenge_1:beschreibung = DLC-Quittung      DLC Name:H2400141.DLC Inst:21/08/2024 17:27:29 Kat:SOFTWARE Ver: Status:0
vorgaenge_1:kategorie = TypAktualMeldung
------------------------------------------
vorgaenge_2:servicetechniker = 0
vorgaenge_2:zeitpunkt = 2024-08-21T17:27:31+02:00
vorgaenge_2:beschreibung = Dateiaktivierung  Dateiname:00000144.CMS Inst:21/08/2024 17:27:31 Kat:SOFTWARE Ver: Status:0
vorgaenge_2:kategorie = TypAktualMeldung
------------------------------------------
vorgaenge_3:servicetechniker = 0
vorgaenge_3:zeitpunkt = 2024-08-21T17:27:32+02:00
vorgaenge_3:beschreibung = E 10019 | CEMAS-Kommando | Abrechnung EinbPos:0
vorgaenge_3:kategorie = TypInfo3
------------------------------------------
vorgaenge_4:servicetechniker = 0
vorgaenge_4:zeitpunkt = 2024-08-21T17:27:38+02:00
vorgaenge_4:beschreibung = INFORMATION: PRN_PB_1 AbrNr:39 MedTyp:PAPER MatCode:0 MedNr:0005333 MedGr:018836 Füllstand:5333
vorgaenge_4:kategorie = TypMaterialFluss2
------------------------------------------
vorgaenge_5:servicetechniker = 0
vorgaenge_5:zeitpunkt = 2024-08-21T17:27:39+02:00
vorgaenge_5:beschreibung = INFORMATION: PRN_PB_2 AbrNr:39 MedTyp:PAPER MatCode:0 MedNr:0006368 MedGr:018837 Füllstand:6368
vorgaenge_5:kategorie = TypMaterialFluss2
------------------------------------------
vorgaenge_6:servicetechniker = 0
vorgaenge_6:zeitpunkt = 2024-08-21T17:27:39+02:00
vorgaenge_6:beschreibung = WGR 1 47211168 0,00 EUR Abr.39 WZ 0 eingesetzt:21/08/2024 17:27:39 Flag:1
vorgaenge_6:kategorie = TypGeldSpeicherInhalt
------------------------------------------
vorgaenge_7:servicetechniker = 0
vorgaenge_7:zeitpunkt = 2024-08-21T17:27:39+02:00
vorgaenge_7:beschreibung = INST Typ:MUV Herstllr:China Tech Model:WGR 0,2? SerNr:47211168 InvntrNr:0 HrdwrVer: Ver:
vorgaenge_7:kategorie = TypGeraet2
------------------------------------------
vorgaenge_8:servicetechniker = 0
vorgaenge_8:zeitpunkt = 2024-08-21T17:27:40+02:00
vorgaenge_8:beschreibung = WGR 2 44211138 0,00 EUR Abr.39 WZ 0 eingesetzt:21/08/2024 17:27:40 Flag:1
vorgaenge_8:kategorie = TypGeldSpeicherInhalt
------------------------------------------
vorgaenge_9:servicetechniker = 0
vorgaenge_9:zeitpunkt = 2024-08-21T17:27:40+02:00
vorgaenge_9:beschreibung = INST Typ:MUV Herstllr:China Tech Model:WGR 0,05? SerNr:44211138 InvntrNr:1 HrdwrVer: Ver:
vorgaenge_9:kategorie = TypGeraet2
------------------------------------------
vorgaenge_10:servicetechniker = 0
vorgaenge_10:zeitpunkt = 2024-08-21T17:27:41+02:00
vorgaenge_10:beschreibung = WGR 3 42211167 0,00 EUR Abr.39 WZ 0 eingesetzt:21/08/2024 17:27:40 Flag:1
vorgaenge_10:kategorie = TypGeldSpeicherInhalt
------------------------------------------
vorgaenge_11:servicetechniker = 0
vorgaenge_11:zeitpunkt = 2024-08-21T17:27:41+02:00
vorgaenge_11:beschreibung = INST Typ:MUV Herstllr:China Tech Model:WGR 0,5? SerNr:42211167 InvntrNr:2 HrdwrVer: Ver:
vorgaenge_11:kategorie = TypGeraet2
------------------------------------------
vorgaenge_12:servicetechniker = 0
vorgaenge_12:zeitpunkt = 2024-08-21T17:27:41+02:00
vorgaenge_12:beschreibung = WGR 4 43211148 0,00 EUR Abr.39 WZ 0 eingesetzt:21/08/2024 17:27:41 Flag:1
vorgaenge_12:kategorie = TypGeldSpeicherInhalt
------------------------------------------
vorgaenge_13:servicetechniker = 0
vorgaenge_13:zeitpunkt = 2024-08-21T17:27:41+02:00
vorgaenge_13:beschreibung = INST Typ:MUV Herstllr:China Tech Model:WGR 0,1? SerNr:43211148 InvntrNr:3 HrdwrVer: Ver:
vorgaenge_13:kategorie = TypGeraet2
------------------------------------------
vorgaenge_14:servicetechniker = 0
vorgaenge_14:zeitpunkt = 2024-08-21T17:27:41+02:00
vorgaenge_14:beschreibung = WGR 5 40211179 0,00 EUR Abr.39 WZ 0 eingesetzt:21/08/2024 17:27:41 Flag:1
vorgaenge_14:kategorie = TypGeldSpeicherInhalt
------------------------------------------
vorgaenge_15:servicetechniker = 0
vorgaenge_15:zeitpunkt = 2024-08-21T17:27:41+02:00
vorgaenge_15:beschreibung = INST Typ:MUV Herstllr:China Tech Model:WGR 2? SerNr:40211179 InvntrNr:4 HrdwrVer: Ver:
vorgaenge_15:kategorie = TypGeraet2
------------------------------------------
vorgaenge_16:servicetechniker = 0
vorgaenge_16:zeitpunkt = 2024-08-21T17:27:42+02:00
vorgaenge_16:beschreibung = WGR 6 41211176 0,00 EUR Abr.39 WZ 0 eingesetzt:21/08/2024 17:27:42 Flag:1
vorgaenge_16:kategorie = TypGeldSpeicherInhalt
------------------------------------------
vorgaenge_17:servicetechniker = 0
vorgaenge_17:zeitpunkt = 2024-08-21T17:27:42+02:00
vorgaenge_17:beschreibung = INST Typ:MUV Herstllr:China Tech Model:WGR 1? SerNr:41211176 InvntrNr:5 HrdwrVer: Ver:
vorgaenge_17:kategorie = TypGeraet2
------------------------------------------
vorgaenge_18:servicetechniker = 0
vorgaenge_18:zeitpunkt = 2024-08-21T17:27:42+02:00
vorgaenge_18:beschreibung = ZGS 1 33201609 140,00 EUR Abr.39 WZ 0 eingesetzt:21/08/2024 17:27:42 Flag:1
vorgaenge_18:kategorie = TypGeldSpeicherInhalt
------------------------------------------
vorgaenge_19:servicetechniker = 0
vorgaenge_19:zeitpunkt = 2024-08-21T17:27:42+02:00
vorgaenge_19:beschreibung = INST Typ:MUV Herstllr:Hopper MK IV Model:ZGS 0,1? SerNr:33201609 InvntrNr:0 HrdwrVer: Ver:
vorgaenge_19:kategorie = TypGeraet2
------------------------------------------
vorgaenge_20:servicetechniker = 0
vorgaenge_20:zeitpunkt = 2024-08-21T17:27:42+02:00
vorgaenge_20:beschreibung = ZGS 2 34204823 200,00 EUR Abr.39 WZ 0 eingesetzt:21/08/2024 17:27:42 Flag:1
vorgaenge_20:kategorie = TypGeldSpeicherInhalt
------------------------------------------
vorgaenge_21:servicetechniker = 0
vorgaenge_21:zeitpunkt = 2024-08-21T17:27:43+02:00
vorgaenge_21:beschreibung = INST Typ:MUV Herstllr:Hopper MK IV Model:ZGS 2? SerNr:34204823 InvntrNr:1 HrdwrVer: Ver:
vorgaenge_21:kategorie = TypGeraet2
------------------------------------------
vorgaenge_22:servicetechniker = 0
vorgaenge_22:zeitpunkt = 2024-08-21T17:27:43+02:00
vorgaenge_22:beschreibung = ZGS 3 31210510 100,00 EUR Abr.39 WZ 0 eingesetzt:21/08/2024 17:27:43 Flag:1
vorgaenge_22:kategorie = TypGeldSpeicherInhalt
------------------------------------------
vorgaenge_23:servicetechniker = 0
vorgaenge_23:zeitpunkt = 2024-08-21T17:27:43+02:00
vorgaenge_23:beschreibung = INST Typ:MUV Herstllr:Hopper MK IV Model:ZGS 1? SerNr:31210510 InvntrNr:2 HrdwrVer: Ver:
vorgaenge_23:kategorie = TypGeraet2
------------------------------------------
vorgaenge_24:servicetechniker = 0
vorgaenge_24:zeitpunkt = 2024-08-21T17:27:43+02:00
vorgaenge_24:beschreibung = MEK 1 90000011 0,00 EUR Abr.39 WZ 0 eingesetzt:21/08/2024 17:27:43 Flag:1
vorgaenge_24:kategorie = TypGeldSpeicherInhalt
------------------------------------------
vorgaenge_25:servicetechniker = 0
vorgaenge_25:zeitpunkt = 2024-08-21T17:27:43+02:00
vorgaenge_25:beschreibung = INST Typ:MUV Herstllr:ICA Model:Muenzendkassette SerNr:90000011 InvntrNr:0 HrdwrVer: Ver:
vorgaenge_25:kategorie = TypGeraet2
------------------------------------------
vorgaenge_26:servicetechniker = 0
vorgaenge_26:zeitpunkt = 2024-08-21T17:27:44+02:00
vorgaenge_26:beschreibung = BEK 1 676000331 0,00 EUR Abr.39 WZ 0 eingesetzt:21/08/2024 17:27:44 Flag:1
vorgaenge_26:kategorie = TypGeldSpeicherInhalt
------------------------------------------
vorgaenge_27:servicetechniker = 0
vorgaenge_27:zeitpunkt = 2024-08-21T17:27:44+02:00
vorgaenge_27:beschreibung = INST Typ:BNV Herstllr:Citech Model:BEK SerNr:676000331 InvntrNr:0 HrdwrVer: Ver:133313EU25?
vorgaenge_27:kategorie = TypGeraet2
------------------------------------------
vorgaenge_28:servicetechniker = 0
vorgaenge_28:zeitpunkt = 2024-08-21T17:27:44+02:00
vorgaenge_28:beschreibung = BEK 0 99 0,00 EUR Abr.39 WZ 0 eingesetzt:21/08/2024 17:27:44 Flag:1
vorgaenge_28:kategorie = TypGeldSpeicherInhalt
------------------------------------------
vorgaenge_29:servicetechniker = 0
vorgaenge_29:zeitpunkt = 2024-08-21T17:27:44+02:00
vorgaenge_29:beschreibung = INST Typ:BNV Herstllr:Citech Model:BZK SerNr:99 InvntrNr:1 HrdwrVer: Ver:
vorgaenge_29:kategorie = TypGeraet2
------------------------------------------
vorgaenge_30:servicetechniker = 0
vorgaenge_30:zeitpunkt = 2024-08-21T17:27:49+02:00
vorgaenge_30:beschreibung = WGR 1 47211168 0,00 EUR Abr.39 WZ 0 eingesetzt:20/08/2024 23:59:10 Flag:2
vorgaenge_30:kategorie = TypGeldSpeicherInhalt
------------------------------------------
vorgaenge_31:servicetechniker = 0
vorgaenge_31:zeitpunkt = 2024-08-21T17:27:49+02:00
vorgaenge_31:beschreibung = WGR 2 44211138 0,00 EUR Abr.39 WZ 0 eingesetzt:20/08/2024 23:59:10 Flag:2
vorgaenge_31:kategorie = TypGeldSpeicherInhalt
------------------------------------------
vorgaenge_32:servicetechniker = 0
vorgaenge_32:zeitpunkt = 2024-08-21T17:27:50+02:00
vorgaenge_32:beschreibung = WGR 3 42211167 0,00 EUR Abr.39 WZ 0 eingesetzt:20/08/2024 23:59:11 Flag:2
vorgaenge_32:kategorie = TypGeldSpeicherInhalt
------------------------------------------
vorgaenge_33:servicetechniker = 0
vorgaenge_33:zeitpunkt = 2024-08-21T17:27:50+02:00
vorgaenge_33:beschreibung = WGR 4 43211148 0,00 EUR Abr.39 WZ 0 eingesetzt:20/08/2024 23:59:11 Flag:2
vorgaenge_33:kategorie = TypGeldSpeicherInhalt
------------------------------------------
vorgaenge_34:servicetechniker = 0
vorgaenge_34:zeitpunkt = 2024-08-21T17:27:50+02:00
vorgaenge_34:beschreibung = WGR 5 40211179 0,00 EUR Abr.39 WZ 0 eingesetzt:20/08/2024 23:59:11 Flag:2
vorgaenge_34:kategorie = TypGeldSpeicherInhalt
------------------------------------------
vorgaenge_35:servicetechniker = 0
vorgaenge_35:zeitpunkt = 2024-08-21T17:27:50+02:00
vorgaenge_35:beschreibung = WGR 6 41211176 0,00 EUR Abr.39 WZ 0 eingesetzt:20/08/2024 23:59:12 Flag:2
vorgaenge_35:kategorie = TypGeldSpeicherInhalt
------------------------------------------
vorgaenge_36:servicetechniker = 0
vorgaenge_36:zeitpunkt = 2024-08-21T17:27:50+02:00
vorgaenge_36:beschreibung = ZGS 1 33201609 140,00 EUR Abr.39 WZ 0 eingesetzt:20/08/2024 23:59:12 Flag:2
vorgaenge_36:kategorie = TypGeldSpeicherInhalt
------------------------------------------
vorgaenge_37:servicetechniker = 0
vorgaenge_37:zeitpunkt = 2024-08-21T17:27:51+02:00
vorgaenge_37:beschreibung = ZGS 2 34204823 200,00 EUR Abr.39 WZ 0 eingesetzt:20/08/2024 23:59:13 Flag:2
vorgaenge_37:kategorie = TypGeldSpeicherInhalt
------------------------------------------
vorgaenge_38:servicetechniker = 0
vorgaenge_38:zeitpunkt = 2024-08-21T17:27:51+02:00
vorgaenge_38:beschreibung = ZGS 3 31210510 100,00 EUR Abr.39 WZ 0 eingesetzt:20/08/2024 23:59:13 Flag:2
vorgaenge_38:kategorie = TypGeldSpeicherInhalt
------------------------------------------
vorgaenge_39:servicetechniker = 0
vorgaenge_39:zeitpunkt = 2024-08-21T17:27:51+02:00
vorgaenge_39:beschreibung = MEK 1 90000011 0,00 EUR Abr.39 WZ 0 eingesetzt:20/08/2024 23:59:13 Flag:2
vorgaenge_39:kategorie = TypGeldSpeicherInhalt
------------------------------------------
vorgaenge_40:servicetechniker = 0
vorgaenge_40:zeitpunkt = 2024-08-21T17:27:51+02:00
vorgaenge_40:beschreibung = BEK 1 676000331 0,00 EUR Abr.39 WZ 0 eingesetzt:20/08/2024 23:59:14 Flag:2
vorgaenge_40:kategorie = TypGeldSpeicherInhalt
------------------------------------------
vorgaenge_41:servicetechniker = 0
vorgaenge_41:zeitpunkt = 2024-08-21T17:27:52+02:00
vorgaenge_41:beschreibung = BEK 0 99 0,00 EUR Abr.39 WZ 0 eingesetzt:20/08/2024 23:59:14 Flag:2
vorgaenge_41:kategorie = TypGeldSpeicherInhalt
------------------------------------------
vorgaenge_42:servicetechniker = 0
vorgaenge_42:zeitpunkt = 2024-08-21T17:27:52+02:00
vorgaenge_42:beschreibung = Nr:39 von:20/08/2024 23:59:15 | WGR(0,00  +0,00  -0,00  : 0,00 ), ZGS(440,00  +0,00  -0,00  : 440,00 ), Mnz(0,00  -0,00  : 0,00 ), Schn(0,00  -0,00  : 0,00 )
vorgaenge_42:kategorie = TypAbrechnungSumme
------------------------------------------
GLOBAL:PROJEKTNAME = RANOREX
GLOBAL:DATABASE = C:\_Daten\HGS_Meldungen\MELDUNGEN/CONFIG\RANOREX\database.ini
GLOBAL:AUTOMAT = 999000
GLOBAL:URLHGS = https://uestra.dev.ti-ica.de/dplus/services/automatenService/3_10/?wsdl
GLOBAL:VERSION = 3.10
GLOBAL:TRANSFERFILE = C:\_Daten\HGS_Meldungen\MELDUNGEN/CONFIG/TRANSFER/transfer_RANOREX.ini
------------------------------------------

###############################################

###############################################
Message:
###############################################
<s:Envelope xmlns:s="http://schemas.xmlsoap.org/soap/envelope/">
    <s:Body xmlns:xsd="http://www.w3.org/2001/XMLSchema" xmlns:xsi="http://www.w3.org/2001/XMLSchema-instance">
        <empfangeSequenznummernbericht xmlns="http://tms.ica.de/automatenService/wsdl/3_10/">
            <faaVorgangsmeldungen xmlns="http://tms.ica.de/automatenService/3_10/" sstVersion="3.10">
                <verkaufspunkt posNummer="999000" betreiber="99" seriennummer="999000" ipAdresse="0.0.0.0"/>
                <versionKey>-1</versionKey>
            </faaVorgangsmeldungen>
        </empfangeSequenznummernbericht>
    </s:Body>
</s:Envelope>


###############################################
################################################################################

Finished: 2024-08-23 13:09:05

